2022-05-06 15:35:08,683 INFO o.a.j.u.JMeterUtils: Setting Locale to en_EN
2022-05-06 15:35:08,722 INFO o.a.j.JMeter: Loading user properties from: D:\apache-jmeter-5.4.3\apache-jmeter-5.4.3\bin\user.properties
2022-05-06 15:35:08,726 INFO o.a.j.JMeter: Loading system properties from: D:\apache-jmeter-5.4.3\apache-jmeter-5.4.3\bin\system.properties
2022-05-06 15:35:08,735 INFO o.a.j.JMeter: Copyright (c) 1998-2021 The Apache Software Foundation
2022-05-06 15:35:08,735 INFO o.a.j.JMeter: Version 5.4.3
2022-05-06 15:35:08,735 INFO o.a.j.JMeter: java.version=11.0.14.1
2022-05-06 15:35:08,735 INFO o.a.j.JMeter: java.vm.name=OpenJDK 64-Bit Server VM
2022-05-06 15:35:08,735 INFO o.a.j.JMeter: os.name=Windows 10
2022-05-06 15:35:08,735 INFO o.a.j.JMeter: os.arch=amd64
2022-05-06 15:35:08,735 INFO o.a.j.JMeter: os.version=10.0
2022-05-06 15:35:08,735 INFO o.a.j.JMeter: file.encoding=Cp1252
2022-05-06 15:35:08,736 INFO o.a.j.JMeter: java.awt.headless=null
2022-05-06 15:35:08,736 INFO o.a.j.JMeter: Max memory     =1073741824
2022-05-06 15:35:08,736 INFO o.a.j.JMeter: Available Processors =4
2022-05-06 15:35:08,747 INFO o.a.j.JMeter: Default Locale=English (EN)
2022-05-06 15:35:08,748 INFO o.a.j.JMeter: JMeter  Locale=English (EN)
2022-05-06 15:35:08,748 INFO o.a.j.JMeter: JMeterHome=D:\apache-jmeter-5.4.3\apache-jmeter-5.4.3
2022-05-06 15:35:08,748 INFO o.a.j.JMeter: user.dir  =D:\Users\sameer.khan\Desktop\OE Mobile App\Jmeter Scripts\Offline Catalog
2022-05-06 15:35:08,749 INFO o.a.j.JMeter: PWD       =D:\Users\sameer.khan\Desktop\OE Mobile App\Jmeter Scripts\Offline Catalog
2022-05-06 15:35:08,751 INFO o.a.j.JMeter: IP: 10.32.28.136 Name: DESKTOP-O7G7T12 FullName: DESKTOP-O7G7T12.cardinalhealth.net
2022-05-06 15:35:08,977 INFO o.a.j.JMeter: Setting LAF to: laf:javax.swing.plaf.metal.MetalLookAndFeel
2022-05-06 15:35:09,192 INFO o.a.j.JMeter: Loaded icon properties from org/apache/jmeter/images/icon.properties
2022-05-06 15:35:13,118 WARN o.j.r.PluginManager: Found JAR conflict: D:\apache-jmeter-5.4.3\apache-jmeter-5.4.3\lib\jmeter-plugins-cmn-jmeter-0.7.jar and D:\apache-jmeter-5.4.3\apache-jmeter-5.4.3\lib\jmeter-plugins-cmn-jmeter-0.6.jar
2022-05-06 15:35:13,288 INFO o.j.r.JARSourceHTTP: Requesting https://jmeter-plugins.org/repo/?installID=windows_10-683ecc14630504ef21c34f43f46bff94-gui
2022-05-06 15:35:13,543 INFO o.a.j.JMeter: Loading file: OfflineCatalog.jmx
2022-05-06 15:35:13,545 INFO o.a.j.s.FileServer: Default base='D:\Users\sameer.khan\Desktop\OE Mobile App\Jmeter Scripts\Offline Catalog'
2022-05-06 15:35:13,546 INFO o.a.j.s.FileServer: Set new base='D:\Users\sameer.khan\Desktop\OE Mobile App\Jmeter Scripts\Offline Catalog'
2022-05-06 15:35:13,827 INFO o.a.j.s.SaveService: Testplan (JMX) version: 2.2. Testlog (JTL) version: 2.2
2022-05-06 15:35:13,843 INFO o.a.j.s.SaveService: Using SaveService properties version 5.0
2022-05-06 15:35:13,846 INFO o.a.j.s.SaveService: Using SaveService properties file encoding UTF-8
2022-05-06 15:35:13,847 INFO o.a.j.s.SaveService: Loading file: OfflineCatalog.jmx
2022-05-06 15:35:14,138 INFO o.a.j.p.h.c.CookieManager: Settings: Delete null: true Check: true Allow variable: true Save: false Prefix: COOKIE_
2022-05-06 15:35:14,566 INFO o.a.j.p.h.s.HTTPSamplerBase: Parser for text/html is org.apache.jmeter.protocol.http.parser.LagartoBasedHtmlParser
2022-05-06 15:35:14,566 INFO o.a.j.p.h.s.HTTPSamplerBase: Parser for application/xhtml+xml is org.apache.jmeter.protocol.http.parser.LagartoBasedHtmlParser
2022-05-06 15:35:14,566 INFO o.a.j.p.h.s.HTTPSamplerBase: Parser for application/xml is org.apache.jmeter.protocol.http.parser.LagartoBasedHtmlParser
2022-05-06 15:35:14,566 INFO o.a.j.p.h.s.HTTPSamplerBase: Parser for text/xml is org.apache.jmeter.protocol.http.parser.LagartoBasedHtmlParser
2022-05-06 15:35:14,566 INFO o.a.j.p.h.s.HTTPSamplerBase: Parser for text/vnd.wap.wml is org.apache.jmeter.protocol.http.parser.RegexpHTMLParser
2022-05-06 15:35:14,567 INFO o.a.j.p.h.s.HTTPSamplerBase: Parser for text/css is org.apache.jmeter.protocol.http.parser.CssParser
2022-05-06 15:35:14,746 INFO o.j.r.PluginManager: Plugins Status: [jpgc-graphs-basic=2.0, blazemeter-debugger=0.6, jpgc-functions=2.1, jpgc-casutg=2.10, jpgc-dummy=0.4, jpgc-ffw=2.0, jpgc-fifo=0.2, jpgc-perfmon=2.1, jpgc-plugins-manager=1.7, jpgc-tst=2.5, jmeter-core=5.4.3, jmeter-ftp=5.4.3, jmeter-http=5.4.3, jmeter-jdbc=5.4.3, jmeter-jms=5.4.3, jmeter-junit=5.4.3, jmeter-java=5.4.3, jmeter-ldap=5.4.3, jmeter-mail=5.4.3, jmeter-mongodb=5.4.3, jmeter-native=5.4.3, jmeter-tcp=5.4.3, jmeter-components=5.4.3, jpgc-standard=2.0]
2022-05-06 15:35:15,619 INFO o.a.j.e.KeyToolUtils: keytool found at 'keytool'
2022-05-06 15:35:15,620 INFO o.a.j.p.h.p.ProxyControl: HTTP(S) Test Script Recorder SSL Proxy will use keys that support embedded 3rd party resources in file D:\apache-jmeter-5.4.3\apache-jmeter-5.4.3\bin\proxyserver.jks
2022-05-06 15:35:15,705 INFO o.a.j.s.FileServer: Set new base='D:\Users\sameer.khan\Desktop\OE Mobile App\Jmeter Scripts\Offline Catalog'
2022-05-06 15:35:16,285 INFO o.a.j.s.SampleResult: Note: Sample TimeStamps are START times
2022-05-06 15:35:16,286 INFO o.a.j.s.SampleResult: sampleresult.default.encoding is set to ISO-8859-1
2022-05-06 15:35:16,286 INFO o.a.j.s.SampleResult: sampleresult.useNanoTime=true
2022-05-06 15:35:16,286 INFO o.a.j.s.SampleResult: sampleresult.nanoThreadSleep=5000
2022-05-06 15:35:16,495 INFO o.a.j.v.ViewResultsFullVisualizer: Add JavaFX to your Java installation if you want to use renderer: org.apache.jmeter.visualizers.RenderInBrowser
2022-05-06 15:35:16,676 INFO o.a.j.v.ViewResultsFullVisualizer: Add JavaFX to your Java installation if you want to use renderer: org.apache.jmeter.visualizers.RenderInBrowser
2022-05-06 15:40:08,174 INFO o.a.j.s.FileServer: Set new base='D:\Users\sameer.khan\Desktop\OE Mobile App\Jmeter Scripts\Experience DashBoard'
2022-05-06 15:43:22,734 INFO o.a.j.e.u.CompoundVariable: Note: Function class names must contain the string: '.functions.'
2022-05-06 15:43:22,735 INFO o.a.j.e.u.CompoundVariable: Note: Function class names must not contain the string: '.gui.'
2022-05-06 15:43:29,855 WARN o.a.j.p.h.p.ProxyControl: Existing ROOT Certificate has expired, a new one will be created, ensure you install it in browser, message: NotAfter: Fri Apr 29 13:54:47 IST 2022
java.security.cert.CertificateExpiredException: NotAfter: Fri Apr 29 13:54:47 IST 2022
	at sun.security.x509.CertificateValidity.valid(CertificateValidity.java:277) ~[?:?]
	at sun.security.x509.X509CertImpl.checkValidity(X509CertImpl.java:675) ~[?:?]
	at org.apache.jmeter.protocol.http.proxy.ProxyControl.initDynamicKeyStore(ProxyControl.java:1536) [ApacheJMeter_http.jar:5.4.3]
	at org.apache.jmeter.protocol.http.proxy.ProxyControl.initKeyStore(ProxyControl.java:1480) [ApacheJMeter_http.jar:5.4.3]
	at org.apache.jmeter.protocol.http.proxy.ProxyControl.startProxy(ProxyControl.java:523) [ApacheJMeter_http.jar:5.4.3]
	at org.apache.jmeter.protocol.http.proxy.gui.ProxyControlGui.startProxy(ProxyControlGui.java:623) [ApacheJMeter_http.jar:5.4.3]
	at org.apache.jmeter.protocol.http.proxy.gui.ProxyControlGui.actionPerformed(ProxyControlGui.java:463) [ApacheJMeter_http.jar:5.4.3]
	at javax.swing.AbstractButton.fireActionPerformed(AbstractButton.java:1967) [?:?]
	at javax.swing.AbstractButton$Handler.actionPerformed(AbstractButton.java:2308) [?:?]
	at javax.swing.DefaultButtonModel.fireActionPerformed(DefaultButtonModel.java:405) [?:?]
	at javax.swing.DefaultButtonModel.setPressed(DefaultButtonModel.java:262) [?:?]
	at javax.swing.plaf.basic.BasicButtonListener.mouseReleased(BasicButtonListener.java:279) [?:?]
	at java.awt.Component.processMouseEvent(Component.java:6635) [?:?]
	at javax.swing.JComponent.processMouseEvent(JComponent.java:3342) [?:?]
	at java.awt.Component.processEvent(Component.java:6400) [?:?]
	at java.awt.Container.processEvent(Container.java:2263) [?:?]
	at java.awt.Component.dispatchEventImpl(Component.java:5011) [?:?]
	at java.awt.Container.dispatchEventImpl(Container.java:2321) [?:?]
	at java.awt.Component.dispatchEvent(Component.java:4843) [?:?]
	at java.awt.LightweightDispatcher.retargetMouseEvent(Container.java:4918) [?:?]
	at java.awt.LightweightDispatcher.processMouseEvent(Container.java:4547) [?:?]
	at java.awt.LightweightDispatcher.dispatchEvent(Container.java:4488) [?:?]
	at java.awt.Container.dispatchEventImpl(Container.java:2307) [?:?]
	at java.awt.Window.dispatchEventImpl(Window.java:2772) [?:?]
	at java.awt.Component.dispatchEvent(Component.java:4843) [?:?]
	at java.awt.EventQueue.dispatchEventImpl(EventQueue.java:772) [?:?]
	at java.awt.EventQueue$4.run(EventQueue.java:721) [?:?]
	at java.awt.EventQueue$4.run(EventQueue.java:715) [?:?]
	at java.security.AccessController.doPrivileged(Native Method) ~[?:?]
	at java.security.ProtectionDomain$JavaSecurityAccessImpl.doIntersectionPrivilege(ProtectionDomain.java:85) [?:?]
	at java.security.ProtectionDomain$JavaSecurityAccessImpl.doIntersectionPrivilege(ProtectionDomain.java:95) [?:?]
	at java.awt.EventQueue$5.run(EventQueue.java:745) [?:?]
	at java.awt.EventQueue$5.run(EventQueue.java:743) [?:?]
	at java.security.AccessController.doPrivileged(Native Method) ~[?:?]
	at java.security.ProtectionDomain$JavaSecurityAccessImpl.doIntersectionPrivilege(ProtectionDomain.java:85) [?:?]
	at java.awt.EventQueue.dispatchEvent(EventQueue.java:742) [?:?]
	at java.awt.EventDispatchThread.pumpOneEventForFilters(EventDispatchThread.java:203) [?:?]
	at java.awt.EventDispatchThread.pumpEventsForFilter(EventDispatchThread.java:124) [?:?]
	at java.awt.EventDispatchThread.pumpEventsForHierarchy(EventDispatchThread.java:113) [?:?]
	at java.awt.EventDispatchThread.pumpEvents(EventDispatchThread.java:109) [?:?]
	at java.awt.EventDispatchThread.pumpEvents(EventDispatchThread.java:101) [?:?]
	at java.awt.EventDispatchThread.run(EventDispatchThread.java:90) [?:?]
2022-05-06 15:43:29,874 INFO o.a.j.p.h.p.ProxyControl: Creating HTTP(S) Test Script Recorder Root CA in D:\apache-jmeter-5.4.3\apache-jmeter-5.4.3\bin\proxyserver.jks, ensure you install certificate in your Browser for recording
2022-05-06 15:43:36,182 ERROR o.a.j.p.h.p.ProxyControl: Could not initialise key store
java.io.IOException: Command failed, code: 1
Picked up JAVA_TOOL_OPTIONS: -Djava.vendor="Sun Microsystems Inc."
keytool error: java.security.cert.CertificateException: No certificate data found

	at org.apache.jorphan.exec.KeyToolUtils.runNativeCommand(KeyToolUtils.java:372) ~[jorphan.jar:5.4.3]
	at org.apache.jorphan.exec.KeyToolUtils.keytool(KeyToolUtils.java:439) ~[jorphan.jar:5.4.3]
	at org.apache.jorphan.exec.KeyToolUtils.generateProxyCA(KeyToolUtils.java:256) ~[jorphan.jar:5.4.3]
	at org.apache.jmeter.protocol.http.proxy.ProxyControl.initDynamicKeyStore(ProxyControl.java:1575) ~[ApacheJMeter_http.jar:5.4.3]
	at org.apache.jmeter.protocol.http.proxy.ProxyControl.initKeyStore(ProxyControl.java:1480) ~[ApacheJMeter_http.jar:5.4.3]
	at org.apache.jmeter.protocol.http.proxy.ProxyControl.startProxy(ProxyControl.java:523) [ApacheJMeter_http.jar:5.4.3]
	at org.apache.jmeter.protocol.http.proxy.gui.ProxyControlGui.startProxy(ProxyControlGui.java:623) [ApacheJMeter_http.jar:5.4.3]
	at org.apache.jmeter.protocol.http.proxy.gui.ProxyControlGui.actionPerformed(ProxyControlGui.java:463) [ApacheJMeter_http.jar:5.4.3]
	at javax.swing.AbstractButton.fireActionPerformed(AbstractButton.java:1967) [?:?]
	at javax.swing.AbstractButton$Handler.actionPerformed(AbstractButton.java:2308) [?:?]
	at javax.swing.DefaultButtonModel.fireActionPerformed(DefaultButtonModel.java:405) [?:?]
	at javax.swing.DefaultButtonModel.setPressed(DefaultButtonModel.java:262) [?:?]
	at javax.swing.plaf.basic.BasicButtonListener.mouseReleased(BasicButtonListener.java:279) [?:?]
	at java.awt.Component.processMouseEvent(Component.java:6635) [?:?]
	at javax.swing.JComponent.processMouseEvent(JComponent.java:3342) [?:?]
	at java.awt.Component.processEvent(Component.java:6400) [?:?]
	at java.awt.Container.processEvent(Container.java:2263) [?:?]
	at java.awt.Component.dispatchEventImpl(Component.java:5011) [?:?]
	at java.awt.Container.dispatchEventImpl(Container.java:2321) [?:?]
	at java.awt.Component.dispatchEvent(Component.java:4843) [?:?]
	at java.awt.LightweightDispatcher.retargetMouseEvent(Container.java:4918) [?:?]
	at java.awt.LightweightDispatcher.processMouseEvent(Container.java:4547) [?:?]
	at java.awt.LightweightDispatcher.dispatchEvent(Container.java:4488) [?:?]
	at java.awt.Container.dispatchEventImpl(Container.java:2307) [?:?]
	at java.awt.Window.dispatchEventImpl(Window.java:2772) [?:?]
	at java.awt.Component.dispatchEvent(Component.java:4843) [?:?]
	at java.awt.EventQueue.dispatchEventImpl(EventQueue.java:772) [?:?]
	at java.awt.EventQueue$4.run(EventQueue.java:721) [?:?]
	at java.awt.EventQueue$4.run(EventQueue.java:715) [?:?]
	at java.security.AccessController.doPrivileged(Native Method) ~[?:?]
	at java.security.ProtectionDomain$JavaSecurityAccessImpl.doIntersectionPrivilege(ProtectionDomain.java:85) [?:?]
	at java.security.ProtectionDomain$JavaSecurityAccessImpl.doIntersectionPrivilege(ProtectionDomain.java:95) [?:?]
	at java.awt.EventQueue$5.run(EventQueue.java:745) [?:?]
	at java.awt.EventQueue$5.run(EventQueue.java:743) [?:?]
	at java.security.AccessController.doPrivileged(Native Method) ~[?:?]
	at java.security.ProtectionDomain$JavaSecurityAccessImpl.doIntersectionPrivilege(ProtectionDomain.java:85) [?:?]
	at java.awt.EventQueue.dispatchEvent(EventQueue.java:742) [?:?]
	at java.awt.EventDispatchThread.pumpOneEventForFilters(EventDispatchThread.java:203) [?:?]
	at java.awt.EventDispatchThread.pumpEventsForFilter(EventDispatchThread.java:124) [?:?]
	at java.awt.EventDispatchThread.pumpEventsForHierarchy(EventDispatchThread.java:113) [?:?]
	at java.awt.EventDispatchThread.pumpEvents(EventDispatchThread.java:109) [?:?]
	at java.awt.EventDispatchThread.pumpEvents(EventDispatchThread.java:101) [?:?]
	at java.awt.EventDispatchThread.run(EventDispatchThread.java:90) [?:?]
2022-05-06 15:43:40,040 INFO o.a.j.p.h.p.ProxyControl: Valid alias found for :root_ca:
2022-05-06 15:43:40,040 INFO o.a.j.p.h.p.ProxyControl: Valid alias found for :intermediate_ca:
2022-05-06 15:43:40,075 INFO o.a.j.p.h.p.Daemon: Creating Daemon Socket on port: 8888
2022-05-06 15:43:40,085 INFO o.a.j.p.h.p.Daemon: Test Script Recorder up and running!
2022-05-06 15:43:47,054 INFO o.a.j.p.h.p.Proxy: Proxy will remove the headers: If-Modified-Since,If-None-Match,Host
2022-05-06 15:43:47,058 INFO o.a.j.p.h.p.ProxyControl: [1052]  Creating entry aw0yyb1zm2.execute-api.us-east-1.amazonaws.com in D:\apache-jmeter-5.4.3\apache-jmeter-5.4.3\bin\proxyserver.jks
2022-05-06 15:43:52,184 ERROR o.a.j.p.h.p.Proxy: [1052]  Problem with keystore
java.io.IOException: Command failed, code: 1
Picked up JAVA_TOOL_OPTIONS: -Djava.vendor="Sun Microsystems Inc."
keytool error: java.security.cert.CertificateException: No certificate data found

	at org.apache.jorphan.exec.KeyToolUtils.runNativeCommand(KeyToolUtils.java:372) ~[jorphan.jar:5.4.3]
	at org.apache.jorphan.exec.KeyToolUtils.keytool(KeyToolUtils.java:439) ~[jorphan.jar:5.4.3]
	at org.apache.jorphan.exec.KeyToolUtils.generateSignedCert(KeyToolUtils.java:305) ~[jorphan.jar:5.4.3]
	at org.apache.jorphan.exec.KeyToolUtils.generateHostCert(KeyToolUtils.java:281) ~[jorphan.jar:5.4.3]
	at org.apache.jmeter.protocol.http.proxy.ProxyControl.updateKeyStore(ProxyControl.java:1611) ~[ApacheJMeter_http.jar:5.4.3]
	at org.apache.jmeter.protocol.http.proxy.Proxy.getSSLSocketFactory(Proxy.java:344) [ApacheJMeter_http.jar:5.4.3]
	at org.apache.jmeter.protocol.http.proxy.Proxy.startSSL(Proxy.java:449) [ApacheJMeter_http.jar:5.4.3]
	at org.apache.jmeter.protocol.http.proxy.Proxy.run(Proxy.java:200) [ApacheJMeter_http.jar:5.4.3]
2022-05-06 15:43:52,184 WARN o.a.j.p.h.p.Proxy: [1052]  Unable to negotiate SSL transaction, no keystore?
2022-05-06 15:43:52,185 ERROR o.a.j.p.h.p.Proxy: [1052]  Exception when processing sample
java.io.IOException: Unable to negotiate SSL transaction, no keystore?
	at org.apache.jmeter.protocol.http.proxy.Proxy.startSSL(Proxy.java:466) ~[ApacheJMeter_http.jar:5.4.3]
	at org.apache.jmeter.protocol.http.proxy.Proxy.run(Proxy.java:200) [ApacheJMeter_http.jar:5.4.3]
2022-05-06 15:43:52,188 WARN o.a.j.p.h.p.Proxy: [1052]  Exception while writing error
java.net.SocketException: Connection reset by peer: socket write error
	at java.net.SocketOutputStream.socketWrite0(Native Method) ~[?:?]
	at java.net.SocketOutputStream.socketWrite(SocketOutputStream.java:110) ~[?:?]
	at java.net.SocketOutputStream.write(SocketOutputStream.java:129) ~[?:?]
	at java.io.DataOutputStream.writeBytes(DataOutputStream.java:276) ~[?:?]
	at org.apache.jmeter.protocol.http.proxy.Proxy.writeErrorToClient(Proxy.java:580) [ApacheJMeter_http.jar:5.4.3]
	at org.apache.jmeter.protocol.http.proxy.Proxy.run(Proxy.java:269) [ApacheJMeter_http.jar:5.4.3]
2022-05-06 15:43:52,189 INFO o.a.j.s.SampleEvent: List of sample_variables: []
2022-05-06 15:44:05,072 INFO o.a.j.p.h.p.Daemon: HTTP(S) Test Script Recorder stopped
2022-05-06 15:44:08,572 INFO o.a.j.p.h.p.ProxyControl: Valid alias found for :root_ca:
2022-05-06 15:44:08,572 INFO o.a.j.p.h.p.ProxyControl: Valid alias found for :intermediate_ca:
2022-05-06 15:44:08,577 INFO o.a.j.p.h.p.Daemon: Creating Daemon Socket on port: 8888
2022-05-06 15:44:08,578 INFO o.a.j.p.h.p.Daemon: Test Script Recorder up and running!
2022-05-06 15:44:14,894 INFO o.a.j.p.h.p.Proxy: [1056]  KeyStore for SSL loaded OK and put host 'aw0yyb1zm2.execute-api.us-east-1.amazonaws.com' in map with key (aw0yyb1zm2.execute-api.us-east-1.amazonaws.com)
2022-05-06 15:44:15,005 INFO o.a.j.p.h.s.HTTPHCAbstractImpl: Local host = DESKTOP-O7G7T12
2022-05-06 15:44:15,011 INFO o.a.j.p.h.s.HTTPHC4Impl: HTTP request retry count = 0
2022-05-06 15:44:15,131 INFO o.a.j.p.h.s.h.LazyLayeredConnectionSocketFactory: Setting up HTTPS TrustAll Socket Factory
2022-05-06 15:44:15,134 INFO o.a.j.u.JsseSSLManager: Using default SSL protocol: TLS
2022-05-06 15:44:15,134 INFO o.a.j.u.JsseSSLManager: SSL session context: per-thread
2022-05-06 15:44:15,138 INFO o.a.j.u.SSLManager: JmeterKeyStore Location:  type JKS
2022-05-06 15:44:15,139 INFO o.a.j.u.SSLManager: KeyStore created OK
2022-05-06 15:44:15,139 WARN o.a.j.u.SSLManager: Keystore file not found, loading empty keystore
2022-05-06 15:44:16,424 INFO o.a.j.p.h.p.ProxyControl: Add sample AEM-1 into controller AEM
2022-05-06 15:44:54,886 INFO o.a.j.p.h.p.ProxyControl: Add sample Eligible Product-2 into controller Eligible Product
2022-05-06 15:45:06,475 INFO o.a.j.p.h.p.Daemon: HTTP(S) Test Script Recorder stopped
2022-05-06 15:47:23,267 INFO o.a.j.s.FileServer: Set new base='D:\Users\sameer.khan\Desktop\OE Mobile App\Jmeter Scripts\Service Request API'
2022-05-06 15:47:43,653 INFO o.a.j.p.h.p.ProxyControl: Valid alias found for :root_ca:
2022-05-06 15:47:43,653 INFO o.a.j.p.h.p.ProxyControl: Valid alias found for :intermediate_ca:
2022-05-06 15:47:43,680 INFO o.a.j.p.h.p.Daemon: Creating Daemon Socket on port: 8888
2022-05-06 15:47:43,681 INFO o.a.j.p.h.p.Daemon: Test Script Recorder up and running!
2022-05-06 15:48:21,936 INFO o.a.j.p.h.p.ProxyControl: [28044]  Creating entry b7prt9qjbl.execute-api.us-east-1.amazonaws.com in D:\apache-jmeter-5.4.3\apache-jmeter-5.4.3\bin\proxyserver.jks
2022-05-06 15:48:27,401 ERROR o.a.j.p.h.p.Proxy: [28044]  Problem with keystore
java.io.IOException: Command failed, code: 1
Picked up JAVA_TOOL_OPTIONS: -Djava.vendor="Sun Microsystems Inc."
keytool error: java.security.cert.CertificateException: No certificate data found

	at org.apache.jorphan.exec.KeyToolUtils.runNativeCommand(KeyToolUtils.java:372) ~[jorphan.jar:5.4.3]
	at org.apache.jorphan.exec.KeyToolUtils.keytool(KeyToolUtils.java:439) ~[jorphan.jar:5.4.3]
	at org.apache.jorphan.exec.KeyToolUtils.generateSignedCert(KeyToolUtils.java:305) ~[jorphan.jar:5.4.3]
	at org.apache.jorphan.exec.KeyToolUtils.generateHostCert(KeyToolUtils.java:281) ~[jorphan.jar:5.4.3]
	at org.apache.jmeter.protocol.http.proxy.ProxyControl.updateKeyStore(ProxyControl.java:1611) ~[ApacheJMeter_http.jar:5.4.3]
	at org.apache.jmeter.protocol.http.proxy.Proxy.getSSLSocketFactory(Proxy.java:344) [ApacheJMeter_http.jar:5.4.3]
	at org.apache.jmeter.protocol.http.proxy.Proxy.startSSL(Proxy.java:449) [ApacheJMeter_http.jar:5.4.3]
	at org.apache.jmeter.protocol.http.proxy.Proxy.run(Proxy.java:200) [ApacheJMeter_http.jar:5.4.3]
2022-05-06 15:48:27,402 WARN o.a.j.p.h.p.Proxy: [28044]  Unable to negotiate SSL transaction, no keystore?
2022-05-06 15:48:27,402 ERROR o.a.j.p.h.p.Proxy: [28044]  Exception when processing sample
java.io.IOException: Unable to negotiate SSL transaction, no keystore?
	at org.apache.jmeter.protocol.http.proxy.Proxy.startSSL(Proxy.java:466) ~[ApacheJMeter_http.jar:5.4.3]
	at org.apache.jmeter.protocol.http.proxy.Proxy.run(Proxy.java:200) [ApacheJMeter_http.jar:5.4.3]
2022-05-06 15:48:27,404 WARN o.a.j.p.h.p.Proxy: [28044]  Exception while writing error
java.net.SocketException: Software caused connection abort: socket write error
	at java.net.SocketOutputStream.socketWrite0(Native Method) ~[?:?]
	at java.net.SocketOutputStream.socketWrite(SocketOutputStream.java:110) ~[?:?]
	at java.net.SocketOutputStream.write(SocketOutputStream.java:129) ~[?:?]
	at java.io.DataOutputStream.writeBytes(DataOutputStream.java:276) ~[?:?]
	at org.apache.jmeter.protocol.http.proxy.Proxy.writeErrorToClient(Proxy.java:580) [ApacheJMeter_http.jar:5.4.3]
	at org.apache.jmeter.protocol.http.proxy.Proxy.run(Proxy.java:269) [ApacheJMeter_http.jar:5.4.3]
2022-05-06 15:48:36,379 INFO o.a.j.p.h.p.ProxyControl: [28049]  Creating entry b7prt9qjbl.execute-api.us-east-1.amazonaws.com in D:\apache-jmeter-5.4.3\apache-jmeter-5.4.3\bin\proxyserver.jks
2022-05-06 15:48:37,385 ERROR o.a.j.p.h.p.Proxy: [28049]  Problem with keystore
java.io.IOException:   >> Picked up JAVA_TOOL_OPTIONS: -Djava.vendor="Sun Microsystems Inc."
keytool error: java.lang.Exception: Key pair not generated, alias <b7prt9qjbl.execute-api.us-east-1.amazonaws.com> already exists <<
Command failed, code: 1
'keytool -genkeypair -alias b7prt9qjbl.execute-api.us-east-1.amazonaws.com -dname "cn=b7prt9qjbl.execute-api.us-east-1.amazonaws.com, o=JMeter Proxy (TEMPORARY TRUST ONLY)" -keyalg RSA -keystore proxyserver.jks -storepass {redacted} -keypass {redacted} -validity 7 -ext san=dns:b7prt9qjbl.execute-api.us-east-1.amazonaws.com'
	at org.apache.jorphan.exec.KeyToolUtils.genkeypair(KeyToolUtils.java:173) ~[jorphan.jar:5.4.3]
	at org.apache.jorphan.exec.KeyToolUtils.generateSignedCert(KeyToolUtils.java:290) ~[jorphan.jar:5.4.3]
	at org.apache.jorphan.exec.KeyToolUtils.generateHostCert(KeyToolUtils.java:281) ~[jorphan.jar:5.4.3]
	at org.apache.jmeter.protocol.http.proxy.ProxyControl.updateKeyStore(ProxyControl.java:1611) ~[ApacheJMeter_http.jar:5.4.3]
	at org.apache.jmeter.protocol.http.proxy.Proxy.getSSLSocketFactory(Proxy.java:344) [ApacheJMeter_http.jar:5.4.3]
	at org.apache.jmeter.protocol.http.proxy.Proxy.startSSL(Proxy.java:449) [ApacheJMeter_http.jar:5.4.3]
	at org.apache.jmeter.protocol.http.proxy.Proxy.run(Proxy.java:200) [ApacheJMeter_http.jar:5.4.3]
2022-05-06 15:48:37,386 WARN o.a.j.p.h.p.Proxy: [28049]  Unable to negotiate SSL transaction, no keystore?
2022-05-06 15:48:37,386 ERROR o.a.j.p.h.p.Proxy: [28049]  Exception when processing sample
java.io.IOException: Unable to negotiate SSL transaction, no keystore?
	at org.apache.jmeter.protocol.http.proxy.Proxy.startSSL(Proxy.java:466) ~[ApacheJMeter_http.jar:5.4.3]
	at org.apache.jmeter.protocol.http.proxy.Proxy.run(Proxy.java:200) [ApacheJMeter_http.jar:5.4.3]
2022-05-06 15:48:37,387 WARN o.a.j.p.h.p.Proxy: [28049]  Exception while writing error
java.net.SocketException: Connection reset by peer: socket write error
	at java.net.SocketOutputStream.socketWrite0(Native Method) ~[?:?]
	at java.net.SocketOutputStream.socketWrite(SocketOutputStream.java:110) ~[?:?]
	at java.net.SocketOutputStream.write(SocketOutputStream.java:129) ~[?:?]
	at java.io.DataOutputStream.writeBytes(DataOutputStream.java:276) ~[?:?]
	at org.apache.jmeter.protocol.http.proxy.Proxy.writeErrorToClient(Proxy.java:580) [ApacheJMeter_http.jar:5.4.3]
	at org.apache.jmeter.protocol.http.proxy.Proxy.run(Proxy.java:269) [ApacheJMeter_http.jar:5.4.3]
2022-05-06 15:48:45,382 INFO o.a.j.p.h.p.Daemon: HTTP(S) Test Script Recorder stopped
2022-05-06 15:49:20,070 INFO o.a.j.p.h.p.ProxyControl: Valid alias found for :root_ca:
2022-05-06 15:49:20,070 INFO o.a.j.p.h.p.ProxyControl: Valid alias found for :intermediate_ca:
2022-05-06 15:49:20,096 INFO o.a.j.p.h.p.Daemon: Creating Daemon Socket on port: 8888
2022-05-06 15:49:20,098 INFO o.a.j.p.h.p.Daemon: Test Script Recorder up and running!
2022-05-06 15:49:30,236 INFO o.a.j.p.h.p.Proxy: [28060]  KeyStore for SSL loaded OK and put host 'b7prt9qjbl.execute-api.us-east-1.amazonaws.com' in map with key (b7prt9qjbl.execute-api.us-east-1.amazonaws.com)
2022-05-06 15:49:31,162 INFO o.a.j.p.h.p.ProxyControl: Add sample /${Environment}/pd/ecom/shiptos/10-302132/v1/servicerequests-3 into controller 
2022-05-06 15:50:20,198 INFO o.a.j.p.h.p.Daemon: HTTP(S) Test Script Recorder stopped
