2022-05-17 10:41:53,144 INFO o.a.j.u.JMeterUtils: Setting Locale to en_EN
2022-05-17 10:41:53,178 INFO o.a.j.JMeter: Loading user properties from: D:\apache-jmeter-5.4.3\apache-jmeter-5.4.3\bin\user.properties
2022-05-17 10:41:53,182 INFO o.a.j.JMeter: Loading system properties from: D:\apache-jmeter-5.4.3\apache-jmeter-5.4.3\bin\system.properties
2022-05-17 10:41:53,192 INFO o.a.j.JMeter: Copyright (c) 1998-2021 The Apache Software Foundation
2022-05-17 10:41:53,192 INFO o.a.j.JMeter: Version 5.4.3
2022-05-17 10:41:53,192 INFO o.a.j.JMeter: java.version=11.0.14.1
2022-05-17 10:41:53,192 INFO o.a.j.JMeter: java.vm.name=OpenJDK 64-Bit Server VM
2022-05-17 10:41:53,192 INFO o.a.j.JMeter: os.name=Windows 10
2022-05-17 10:41:53,192 INFO o.a.j.JMeter: os.arch=amd64
2022-05-17 10:41:53,192 INFO o.a.j.JMeter: os.version=10.0
2022-05-17 10:41:53,193 INFO o.a.j.JMeter: file.encoding=Cp1252
2022-05-17 10:41:53,193 INFO o.a.j.JMeter: java.awt.headless=null
2022-05-17 10:41:53,193 INFO o.a.j.JMeter: Max memory     =1073741824
2022-05-17 10:41:53,193 INFO o.a.j.JMeter: Available Processors =4
2022-05-17 10:41:53,205 INFO o.a.j.JMeter: Default Locale=English (EN)
2022-05-17 10:41:53,205 INFO o.a.j.JMeter: JMeter  Locale=English (EN)
2022-05-17 10:41:53,205 INFO o.a.j.JMeter: JMeterHome=D:\apache-jmeter-5.4.3\apache-jmeter-5.4.3
2022-05-17 10:41:53,206 INFO o.a.j.JMeter: user.dir  =D:\Users\sameer.khan\Desktop\OE Mobile App\Jmeter Scripts\Cim Audits
2022-05-17 10:41:53,206 INFO o.a.j.JMeter: PWD       =D:\Users\sameer.khan\Desktop\OE Mobile App\Jmeter Scripts\Cim Audits
2022-05-17 10:41:53,208 INFO o.a.j.JMeter: IP: 10.32.28.136 Name: DESKTOP-O7G7T12 FullName: DESKTOP-O7G7T12.cardinalhealth.net
2022-05-17 10:41:53,396 INFO o.a.j.JMeter: Setting LAF to: laf:javax.swing.plaf.metal.MetalLookAndFeel
2022-05-17 10:41:53,565 INFO o.a.j.JMeter: Loaded icon properties from org/apache/jmeter/images/icon.properties
2022-05-17 10:41:58,780 WARN o.j.r.PluginManager: Found JAR conflict: D:\apache-jmeter-5.4.3\apache-jmeter-5.4.3\lib\jmeter-plugins-cmn-jmeter-0.7.jar and D:\apache-jmeter-5.4.3\apache-jmeter-5.4.3\lib\jmeter-plugins-cmn-jmeter-0.6.jar
2022-05-17 10:41:59,229 INFO o.j.r.JARSourceHTTP: Found cached repo
2022-05-17 10:41:59,273 INFO o.a.j.JMeter: Loading file: CimAudits.jmx
2022-05-17 10:41:59,275 INFO o.a.j.s.FileServer: Default base='D:\Users\sameer.khan\Desktop\OE Mobile App\Jmeter Scripts\Cim Audits'
2022-05-17 10:41:59,276 INFO o.a.j.s.FileServer: Set new base='D:\Users\sameer.khan\Desktop\OE Mobile App\Jmeter Scripts\Cim Audits'
2022-05-17 10:41:59,499 INFO o.j.r.PluginManager: Plugins Status: [jpgc-graphs-basic=2.0, blazemeter-debugger=0.6, jpgc-functions=2.1, jpgc-casutg=2.10, jpgc-dummy=0.4, jpgc-ffw=2.0, jpgc-fifo=0.2, jpgc-perfmon=2.1, jpgc-plugins-manager=1.7, jpgc-tst=2.5, jmeter-core=5.4.3, jmeter-ftp=5.4.3, jmeter-http=5.4.3, jmeter-jdbc=5.4.3, jmeter-jms=5.4.3, jmeter-junit=5.4.3, jmeter-java=5.4.3, jmeter-ldap=5.4.3, jmeter-mail=5.4.3, jmeter-mongodb=5.4.3, jmeter-native=5.4.3, jmeter-tcp=5.4.3, jmeter-components=5.4.3, jpgc-standard=2.0]
2022-05-17 10:41:59,619 INFO o.a.j.s.SaveService: Testplan (JMX) version: 2.2. Testlog (JTL) version: 2.2
2022-05-17 10:41:59,643 INFO o.a.j.s.SaveService: Using SaveService properties version 5.0
2022-05-17 10:41:59,645 INFO o.a.j.s.SaveService: Using SaveService properties file encoding UTF-8
2022-05-17 10:41:59,648 INFO o.a.j.s.SaveService: Loading file: CimAudits.jmx
2022-05-17 10:41:59,914 INFO o.a.j.p.h.c.CookieManager: Settings: Delete null: true Check: true Allow variable: true Save: false Prefix: COOKIE_
2022-05-17 10:42:00,334 INFO o.a.j.p.h.s.HTTPSamplerBase: Parser for text/html is org.apache.jmeter.protocol.http.parser.LagartoBasedHtmlParser
2022-05-17 10:42:00,335 INFO o.a.j.p.h.s.HTTPSamplerBase: Parser for application/xhtml+xml is org.apache.jmeter.protocol.http.parser.LagartoBasedHtmlParser
2022-05-17 10:42:00,335 INFO o.a.j.p.h.s.HTTPSamplerBase: Parser for application/xml is org.apache.jmeter.protocol.http.parser.LagartoBasedHtmlParser
2022-05-17 10:42:00,335 INFO o.a.j.p.h.s.HTTPSamplerBase: Parser for text/xml is org.apache.jmeter.protocol.http.parser.LagartoBasedHtmlParser
2022-05-17 10:42:00,335 INFO o.a.j.p.h.s.HTTPSamplerBase: Parser for text/vnd.wap.wml is org.apache.jmeter.protocol.http.parser.RegexpHTMLParser
2022-05-17 10:42:00,335 INFO o.a.j.p.h.s.HTTPSamplerBase: Parser for text/css is org.apache.jmeter.protocol.http.parser.CssParser
2022-05-17 10:42:01,618 INFO o.a.j.e.KeyToolUtils: keytool found at 'keytool'
2022-05-17 10:42:01,620 INFO o.a.j.p.h.p.ProxyControl: HTTP(S) Test Script Recorder SSL Proxy will use keys that support embedded 3rd party resources in file D:\apache-jmeter-5.4.3\apache-jmeter-5.4.3\bin\proxyserver.jks
2022-05-17 10:42:01,723 INFO o.a.j.s.FileServer: Set new base='D:\Users\sameer.khan\Desktop\OE Mobile App\Jmeter Scripts\Cim Audits'
2022-05-17 10:42:03,054 INFO o.a.j.s.SampleResult: Note: Sample TimeStamps are START times
2022-05-17 10:42:03,054 INFO o.a.j.s.SampleResult: sampleresult.default.encoding is set to ISO-8859-1
2022-05-17 10:42:03,054 INFO o.a.j.s.SampleResult: sampleresult.useNanoTime=true
2022-05-17 10:42:03,054 INFO o.a.j.s.SampleResult: sampleresult.nanoThreadSleep=5000
2022-05-17 10:42:03,286 INFO o.a.j.v.ViewResultsFullVisualizer: Add JavaFX to your Java installation if you want to use renderer: org.apache.jmeter.visualizers.RenderInBrowser
2022-05-17 10:42:03,470 INFO o.a.j.v.ViewResultsFullVisualizer: Add JavaFX to your Java installation if you want to use renderer: org.apache.jmeter.visualizers.RenderInBrowser
