2022-05-12 16:01:40,716 INFO o.a.j.u.JMeterUtils: Setting Locale to en_EN
2022-05-12 16:01:40,759 INFO o.a.j.JMeter: Loading user properties from: D:\apache-jmeter-5.4.3\apache-jmeter-5.4.3\bin\user.properties
2022-05-12 16:01:40,763 INFO o.a.j.JMeter: Loading system properties from: D:\apache-jmeter-5.4.3\apache-jmeter-5.4.3\bin\system.properties
2022-05-12 16:01:40,773 INFO o.a.j.JMeter: Copyright (c) 1998-2021 The Apache Software Foundation
2022-05-12 16:01:40,774 INFO o.a.j.JMeter: Version 5.4.3
2022-05-12 16:01:40,775 INFO o.a.j.JMeter: java.version=11.0.14.1
2022-05-12 16:01:40,775 INFO o.a.j.JMeter: java.vm.name=OpenJDK 64-Bit Server VM
2022-05-12 16:01:40,775 INFO o.a.j.JMeter: os.name=Windows 10
2022-05-12 16:01:40,775 INFO o.a.j.JMeter: os.arch=amd64
2022-05-12 16:01:40,775 INFO o.a.j.JMeter: os.version=10.0
2022-05-12 16:01:40,775 INFO o.a.j.JMeter: file.encoding=Cp1252
2022-05-12 16:01:40,776 INFO o.a.j.JMeter: java.awt.headless=null
2022-05-12 16:01:40,776 INFO o.a.j.JMeter: Max memory     =1073741824
2022-05-12 16:01:40,776 INFO o.a.j.JMeter: Available Processors =4
2022-05-12 16:01:40,799 INFO o.a.j.JMeter: Default Locale=English (EN)
2022-05-12 16:01:40,800 INFO o.a.j.JMeter: JMeter  Locale=English (EN)
2022-05-12 16:01:40,800 INFO o.a.j.JMeter: JMeterHome=D:\apache-jmeter-5.4.3\apache-jmeter-5.4.3
2022-05-12 16:01:40,801 INFO o.a.j.JMeter: user.dir  =D:\Users\sameer.khan\Desktop\OE Mobile App\Jmeter Scripts\Search API
2022-05-12 16:01:40,804 INFO o.a.j.JMeter: PWD       =D:\Users\sameer.khan\Desktop\OE Mobile App\Jmeter Scripts\Search API
2022-05-12 16:01:40,807 INFO o.a.j.JMeter: IP: 10.32.28.136 Name: DESKTOP-O7G7T12 FullName: DESKTOP-O7G7T12.cardinalhealth.net
2022-05-12 16:01:41,067 INFO o.a.j.JMeter: Setting LAF to: laf:javax.swing.plaf.metal.MetalLookAndFeel
2022-05-12 16:01:41,293 INFO o.a.j.JMeter: Loaded icon properties from org/apache/jmeter/images/icon.properties
2022-05-12 16:01:46,086 WARN o.j.r.PluginManager: Found JAR conflict: D:\apache-jmeter-5.4.3\apache-jmeter-5.4.3\lib\jmeter-plugins-cmn-jmeter-0.7.jar and D:\apache-jmeter-5.4.3\apache-jmeter-5.4.3\lib\jmeter-plugins-cmn-jmeter-0.6.jar
2022-05-12 16:01:46,715 INFO o.j.r.JARSourceHTTP: Requesting https://jmeter-plugins.org/repo/?installID=windows_10-683ecc14630504ef21c34f43f46bff94-gui
2022-05-12 16:01:46,845 INFO o.a.j.JMeter: Loading file: SearchAPI_V2.jmx
2022-05-12 16:01:46,847 INFO o.a.j.s.FileServer: Default base='D:\Users\sameer.khan\Desktop\OE Mobile App\Jmeter Scripts\Search API'
2022-05-12 16:01:46,848 INFO o.a.j.s.FileServer: Set new base='D:\Users\sameer.khan\Desktop\OE Mobile App\Jmeter Scripts\Search API'
2022-05-12 16:01:47,207 INFO o.a.j.s.SaveService: Testplan (JMX) version: 2.2. Testlog (JTL) version: 2.2
2022-05-12 16:01:47,335 INFO o.a.j.s.SaveService: Using SaveService properties version 5.0
2022-05-12 16:01:47,337 INFO o.a.j.s.SaveService: Using SaveService properties file encoding UTF-8
2022-05-12 16:01:47,339 INFO o.a.j.s.SaveService: Loading file: SearchAPI_V2.jmx
2022-05-12 16:01:47,616 INFO o.a.j.p.h.c.CookieManager: Settings: Delete null: true Check: true Allow variable: true Save: false Prefix: COOKIE_
2022-05-12 16:01:48,041 INFO o.a.j.p.h.s.HTTPSamplerBase: Parser for text/html is org.apache.jmeter.protocol.http.parser.LagartoBasedHtmlParser
2022-05-12 16:01:48,041 INFO o.a.j.p.h.s.HTTPSamplerBase: Parser for application/xhtml+xml is org.apache.jmeter.protocol.http.parser.LagartoBasedHtmlParser
2022-05-12 16:01:48,041 INFO o.a.j.p.h.s.HTTPSamplerBase: Parser for application/xml is org.apache.jmeter.protocol.http.parser.LagartoBasedHtmlParser
2022-05-12 16:01:48,041 INFO o.a.j.p.h.s.HTTPSamplerBase: Parser for text/xml is org.apache.jmeter.protocol.http.parser.LagartoBasedHtmlParser
2022-05-12 16:01:48,041 INFO o.a.j.p.h.s.HTTPSamplerBase: Parser for text/vnd.wap.wml is org.apache.jmeter.protocol.http.parser.RegexpHTMLParser
2022-05-12 16:01:48,042 INFO o.a.j.p.h.s.HTTPSamplerBase: Parser for text/css is org.apache.jmeter.protocol.http.parser.CssParser
2022-05-12 16:01:49,293 INFO o.j.r.PluginManager: Plugins Status: [jpgc-graphs-basic=2.0, blazemeter-debugger=0.6, jpgc-functions=2.1, jpgc-casutg=2.10, jpgc-dummy=0.4, jpgc-ffw=2.0, jpgc-fifo=0.2, jpgc-perfmon=2.1, jpgc-plugins-manager=1.7, jpgc-tst=2.5, jmeter-core=5.4.3, jmeter-ftp=5.4.3, jmeter-http=5.4.3, jmeter-jdbc=5.4.3, jmeter-jms=5.4.3, jmeter-junit=5.4.3, jmeter-java=5.4.3, jmeter-ldap=5.4.3, jmeter-mail=5.4.3, jmeter-mongodb=5.4.3, jmeter-native=5.4.3, jmeter-tcp=5.4.3, jmeter-components=5.4.3, jpgc-standard=2.0]
2022-05-12 16:01:50,218 INFO o.a.j.e.KeyToolUtils: keytool found at 'keytool'
2022-05-12 16:01:50,219 INFO o.a.j.p.h.p.ProxyControl: HTTP(S) Test Script Recorder SSL Proxy will use keys that support embedded 3rd party resources in file D:\apache-jmeter-5.4.3\apache-jmeter-5.4.3\bin\proxyserver.jks
2022-05-12 16:01:50,335 INFO o.a.j.s.FileServer: Set new base='D:\Users\sameer.khan\Desktop\OE Mobile App\Jmeter Scripts\Search API'
2022-05-12 16:01:50,733 INFO o.a.j.e.u.CompoundVariable: Note: Function class names must contain the string: '.functions.'
2022-05-12 16:01:50,734 INFO o.a.j.e.u.CompoundVariable: Note: Function class names must not contain the string: '.gui.'
2022-05-12 16:01:51,693 INFO o.a.j.s.SampleResult: Note: Sample TimeStamps are START times
2022-05-12 16:01:51,694 INFO o.a.j.s.SampleResult: sampleresult.default.encoding is set to ISO-8859-1
2022-05-12 16:01:51,694 INFO o.a.j.s.SampleResult: sampleresult.useNanoTime=true
2022-05-12 16:01:51,694 INFO o.a.j.s.SampleResult: sampleresult.nanoThreadSleep=5000
2022-05-12 16:01:51,933 INFO o.a.j.v.ViewResultsFullVisualizer: Add JavaFX to your Java installation if you want to use renderer: org.apache.jmeter.visualizers.RenderInBrowser
2022-05-12 16:01:52,246 INFO o.a.j.v.ViewResultsFullVisualizer: Add JavaFX to your Java installation if you want to use renderer: org.apache.jmeter.visualizers.RenderInBrowser
2022-05-12 16:02:15,974 INFO o.a.j.e.StandardJMeterEngine: Running the test!
2022-05-12 16:02:15,975 INFO o.a.j.s.SampleEvent: List of sample_variables: []
2022-05-12 16:02:15,975 INFO o.a.j.s.SampleEvent: List of sample_variables: []
2022-05-12 16:02:16,045 INFO o.a.j.g.u.JMeterMenuBar: setRunning(true, *local*)
2022-05-12 16:02:16,109 INFO o.a.j.e.StandardJMeterEngine: Starting ThreadGroup: 1 : Thread Group
2022-05-12 16:02:16,109 INFO o.a.j.e.StandardJMeterEngine: Starting 2 threads for group Thread Group.
2022-05-12 16:02:16,109 INFO o.a.j.e.StandardJMeterEngine: Thread will continue on error
2022-05-12 16:02:16,110 INFO o.a.j.t.ThreadGroup: Starting thread group... number=1 threads=2 ramp-up=5 delayedStart=false
2022-05-12 16:02:16,114 INFO o.a.j.t.ThreadGroup: Started thread group number 1
2022-05-12 16:02:16,115 INFO o.a.j.e.StandardJMeterEngine: All thread groups have been started
2022-05-12 16:02:16,119 INFO o.a.j.t.JMeterThread: Thread started: Thread Group 1-1
2022-05-12 16:02:16,126 INFO o.a.j.s.FileServer: Stored: SearchAPI.csv
2022-05-12 16:02:17,311 ERROR o.a.j.t.JSR223Timer: Problem in JSR223 script, JSR223 Timer
javax.script.ScriptException: java.lang.NullPointerException: Cannot invoke method getTime() on null object
	at org.codehaus.groovy.jsr223.GroovyScriptEngineImpl.eval(GroovyScriptEngineImpl.java:320) ~[groovy-jsr223-3.0.7.jar:3.0.7]
	at org.codehaus.groovy.jsr223.GroovyCompiledScript.eval(GroovyCompiledScript.java:71) ~[groovy-jsr223-3.0.7.jar:3.0.7]
	at javax.script.CompiledScript.eval(CompiledScript.java:89) ~[java.scripting:?]
	at org.apache.jmeter.util.JSR223TestElement.processFileOrScript(JSR223TestElement.java:217) ~[ApacheJMeter_core.jar:5.4.3]
	at org.apache.jmeter.timers.JSR223Timer.delay(JSR223Timer.java:43) [ApacheJMeter_components.jar:5.4.3]
	at org.apache.jmeter.threads.JMeterThread.delay(JMeterThread.java:982) [ApacheJMeter_core.jar:5.4.3]
	at org.apache.jmeter.threads.JMeterThread.executeSamplePackage(JMeterThread.java:554) [ApacheJMeter_core.jar:5.4.3]
	at org.apache.jmeter.threads.JMeterThread.processSampler(JMeterThread.java:489) [ApacheJMeter_core.jar:5.4.3]
	at org.apache.jmeter.threads.JMeterThread.run(JMeterThread.java:256) [ApacheJMeter_core.jar:5.4.3]
	at java.lang.Thread.run(Thread.java:829) [?:?]
Caused by: java.lang.NullPointerException: Cannot invoke method getTime() on null object
	at org.codehaus.groovy.runtime.NullObject.invokeMethod(NullObject.java:91) ~[groovy-3.0.7.jar:3.0.7]
	at org.codehaus.groovy.runtime.callsite.PogoMetaClassSite.call(PogoMetaClassSite.java:44) ~[groovy-3.0.7.jar:3.0.7]
	at org.codehaus.groovy.runtime.callsite.CallSiteArray.defaultCall(CallSiteArray.java:47) ~[groovy-3.0.7.jar:3.0.7]
	at org.codehaus.groovy.runtime.callsite.NullCallSite.call(NullCallSite.java:34) ~[groovy-3.0.7.jar:3.0.7]
	at org.codehaus.groovy.runtime.callsite.CallSiteArray.defaultCall(CallSiteArray.java:47) ~[groovy-3.0.7.jar:3.0.7]
	at org.codehaus.groovy.runtime.callsite.AbstractCallSite.call(AbstractCallSite.java:125) ~[groovy-3.0.7.jar:3.0.7]
	at org.codehaus.groovy.runtime.callsite.AbstractCallSite.call(AbstractCallSite.java:130) ~[groovy-3.0.7.jar:3.0.7]
	at Script1.run(Script1.groovy:2) ~[?:?]
	at org.codehaus.groovy.jsr223.GroovyScriptEngineImpl.eval(GroovyScriptEngineImpl.java:317) ~[groovy-jsr223-3.0.7.jar:3.0.7]
	... 9 more
2022-05-12 16:02:17,320 WARN k.a.j.t.VariableThroughputTimer: No free threads available in current Thread Group Thread Group, made 0 samples/s for expected rps 5.0 samples/s, increase your number of threads
2022-05-12 16:02:17,329 INFO o.a.j.p.h.s.HTTPHCAbstractImpl: Local host = DESKTOP-O7G7T12
2022-05-12 16:02:17,336 INFO o.a.j.p.h.s.HTTPHC4Impl: HTTP request retry count = 0
2022-05-12 16:02:17,430 INFO o.a.j.p.h.s.h.LazyLayeredConnectionSocketFactory: Setting up HTTPS TrustAll Socket Factory
2022-05-12 16:02:17,432 INFO o.a.j.u.JsseSSLManager: Using default SSL protocol: TLS
2022-05-12 16:02:17,432 INFO o.a.j.u.JsseSSLManager: SSL session context: per-thread
2022-05-12 16:02:17,459 INFO o.a.j.u.SSLManager: JmeterKeyStore Location:  type JKS
2022-05-12 16:02:17,460 INFO o.a.j.u.SSLManager: KeyStore created OK
2022-05-12 16:02:17,460 WARN o.a.j.u.SSLManager: Keystore file not found, loading empty keystore
2022-05-12 16:02:18,620 INFO o.a.j.t.JMeterThread: Thread started: Thread Group 1-2
2022-05-12 16:02:18,629 ERROR o.a.j.t.JSR223Timer: Problem in JSR223 script, JSR223 Timer
javax.script.ScriptException: java.lang.NullPointerException: Cannot invoke method getTime() on null object
	at org.codehaus.groovy.jsr223.GroovyScriptEngineImpl.eval(GroovyScriptEngineImpl.java:320) ~[groovy-jsr223-3.0.7.jar:3.0.7]
	at org.codehaus.groovy.jsr223.GroovyCompiledScript.eval(GroovyCompiledScript.java:71) ~[groovy-jsr223-3.0.7.jar:3.0.7]
	at javax.script.CompiledScript.eval(CompiledScript.java:89) ~[java.scripting:?]
	at org.apache.jmeter.util.JSR223TestElement.processFileOrScript(JSR223TestElement.java:217) ~[ApacheJMeter_core.jar:5.4.3]
	at org.apache.jmeter.timers.JSR223Timer.delay(JSR223Timer.java:43) [ApacheJMeter_components.jar:5.4.3]
	at org.apache.jmeter.threads.JMeterThread.delay(JMeterThread.java:982) [ApacheJMeter_core.jar:5.4.3]
	at org.apache.jmeter.threads.JMeterThread.executeSamplePackage(JMeterThread.java:554) [ApacheJMeter_core.jar:5.4.3]
	at org.apache.jmeter.threads.JMeterThread.processSampler(JMeterThread.java:489) [ApacheJMeter_core.jar:5.4.3]
	at org.apache.jmeter.threads.JMeterThread.run(JMeterThread.java:256) [ApacheJMeter_core.jar:5.4.3]
	at java.lang.Thread.run(Thread.java:829) [?:?]
Caused by: java.lang.NullPointerException: Cannot invoke method getTime() on null object
	at org.codehaus.groovy.runtime.NullObject.invokeMethod(NullObject.java:91) ~[groovy-3.0.7.jar:3.0.7]
	at org.codehaus.groovy.runtime.callsite.PogoMetaClassSite.call(PogoMetaClassSite.java:44) ~[groovy-3.0.7.jar:3.0.7]
	at org.codehaus.groovy.runtime.callsite.CallSiteArray.defaultCall(CallSiteArray.java:47) ~[groovy-3.0.7.jar:3.0.7]
	at org.codehaus.groovy.runtime.callsite.NullCallSite.call(NullCallSite.java:34) ~[groovy-3.0.7.jar:3.0.7]
	at org.codehaus.groovy.runtime.callsite.CallSiteArray.defaultCall(CallSiteArray.java:47) ~[groovy-3.0.7.jar:3.0.7]
	at org.codehaus.groovy.runtime.callsite.PogoMetaClassSite.call(PogoMetaClassSite.java:53) ~[groovy-3.0.7.jar:3.0.7]
	at org.codehaus.groovy.runtime.callsite.AbstractCallSite.call(AbstractCallSite.java:130) ~[groovy-3.0.7.jar:3.0.7]
	at Script1.run(Script1.groovy:2) ~[?:?]
	at org.codehaus.groovy.jsr223.GroovyScriptEngineImpl.eval(GroovyScriptEngineImpl.java:317) ~[groovy-jsr223-3.0.7.jar:3.0.7]
	... 9 more
2022-05-12 16:02:18,631 WARN k.a.j.t.VariableThroughputTimer: No free threads available in current Thread Group Thread Group, made 1 samples/s for expected rps 5.0 samples/s, increase your number of threads
2022-05-12 16:02:19,827 INFO o.a.j.t.J.JSR223 Timer: 2667
2022-05-12 16:02:19,829 WARN k.a.j.t.VariableThroughputTimer: No free threads available in current Thread Group Thread Group, made 1 samples/s for expected rps 5.0 samples/s, increase your number of threads
2022-05-12 16:02:25,945 INFO o.a.j.t.J.JSR223 Timer: 1553
2022-05-12 16:02:25,946 WARN k.a.j.t.VariableThroughputTimer: No free threads available in current Thread Group Thread Group, made 1 samples/s for expected rps 5.0 samples/s, increase your number of threads
2022-05-12 16:02:29,139 INFO o.a.j.t.J.JSR223 Timer: 3362
2022-05-12 16:02:29,140 WARN k.a.j.t.VariableThroughputTimer: No free threads available in current Thread Group Thread Group, made 1 samples/s for expected rps 5.0 samples/s, increase your number of threads
2022-05-12 16:02:30,783 WARN k.a.j.t.VariableThroughputTimer: No free threads available in current Thread Group Thread Group, made 1 samples/s for expected rps 5.0 samples/s, increase your number of threads
2022-05-12 16:02:33,419 INFO o.a.j.t.J.JSR223 Timer: 2367
2022-05-12 16:02:33,420 WARN k.a.j.t.VariableThroughputTimer: No free threads available in current Thread Group Thread Group, made 1 samples/s for expected rps 5.0 samples/s, increase your number of threads
2022-05-12 16:02:33,614 INFO o.a.j.t.J.JSR223 Timer: 3891
2022-05-12 16:02:37,007 INFO o.a.j.t.J.JSR223 Timer: 3784
2022-05-12 16:02:37,007 WARN k.a.j.t.VariableThroughputTimer: No free threads available in current Thread Group Thread Group, made 2 samples/s for expected rps 5.0 samples/s, increase your number of threads
2022-05-12 16:02:38,559 INFO o.a.j.t.J.JSR223 Timer: 3948
2022-05-12 16:02:38,559 WARN k.a.j.t.VariableThroughputTimer: No free threads available in current Thread Group Thread Group, made 1 samples/s for expected rps 5.0 samples/s, increase your number of threads
2022-05-12 16:02:41,947 INFO o.a.j.t.J.JSR223 Timer: 3847
2022-05-12 16:02:41,947 WARN k.a.j.t.VariableThroughputTimer: No free threads available in current Thread Group Thread Group, made 1 samples/s for expected rps 5.0 samples/s, increase your number of threads
2022-05-12 16:02:43,566 INFO o.a.j.t.J.JSR223 Timer: 3943
2022-05-12 16:02:43,566 WARN k.a.j.t.VariableThroughputTimer: No free threads available in current Thread Group Thread Group, made 1 samples/s for expected rps 5.0 samples/s, increase your number of threads
2022-05-12 16:02:44,286 INFO o.a.j.g.a.Start: Stopping test
2022-05-12 16:02:44,309 INFO o.a.j.t.JMeterThread: Stopping: Thread Group 1-1
2022-05-12 16:02:44,309 INFO o.a.j.t.JMeterThread: Stopping: Thread Group 1-2
2022-05-12 16:02:44,309 WARN o.a.j.t.JMeterThread: The delay timer was interrupted - probably did not wait as long as intended.
2022-05-12 16:02:44,310 WARN o.a.j.t.JMeterThread: The delay timer was interrupted - probably did not wait as long as intended.
2022-05-12 16:02:44,310 INFO o.a.j.t.JMeterThread: Thread finished: Thread Group 1-1
2022-05-12 16:02:44,310 INFO o.a.j.t.JMeterThread: Thread finished: Thread Group 1-2
2022-05-12 16:02:44,313 INFO o.a.j.e.StandardJMeterEngine: Notifying test listeners of end of test
2022-05-12 16:02:44,314 INFO o.a.j.s.FileServer: Close: SearchAPI.csv
2022-05-12 16:02:44,315 INFO o.a.j.g.u.JMeterMenuBar: setRunning(false, *local*)
2022-05-12 16:18:22,048 INFO o.a.j.e.StandardJMeterEngine: Running the test!
2022-05-12 16:18:22,049 INFO o.a.j.s.SampleEvent: List of sample_variables: []
2022-05-12 16:18:22,076 INFO o.a.j.g.u.JMeterMenuBar: setRunning(true, *local*)
2022-05-12 16:18:22,208 INFO o.a.j.e.StandardJMeterEngine: Starting ThreadGroup: 1 : Thread Group
2022-05-12 16:18:22,208 INFO o.a.j.e.StandardJMeterEngine: Starting 2 threads for group Thread Group.
2022-05-12 16:18:22,208 INFO o.a.j.e.StandardJMeterEngine: Thread will continue on error
2022-05-12 16:18:22,208 INFO o.a.j.t.ThreadGroup: Starting thread group... number=1 threads=2 ramp-up=5 delayedStart=false
2022-05-12 16:18:22,213 INFO o.a.j.t.ThreadGroup: Started thread group number 1
2022-05-12 16:18:22,213 INFO o.a.j.e.StandardJMeterEngine: All thread groups have been started
2022-05-12 16:18:22,215 INFO o.a.j.t.JMeterThread: Thread started: Thread Group 1-1
2022-05-12 16:18:22,215 INFO o.a.j.s.FileServer: Stored: SearchAPI.csv
2022-05-12 16:18:22,271 ERROR o.a.j.t.JSR223Timer: Problem in JSR223 script, JSR223 Timer
javax.script.ScriptException: java.lang.NullPointerException: Cannot invoke method getTime() on null object
	at org.codehaus.groovy.jsr223.GroovyScriptEngineImpl.eval(GroovyScriptEngineImpl.java:320) ~[groovy-jsr223-3.0.7.jar:3.0.7]
	at org.codehaus.groovy.jsr223.GroovyCompiledScript.eval(GroovyCompiledScript.java:71) ~[groovy-jsr223-3.0.7.jar:3.0.7]
	at javax.script.CompiledScript.eval(CompiledScript.java:89) ~[java.scripting:?]
	at org.apache.jmeter.util.JSR223TestElement.processFileOrScript(JSR223TestElement.java:217) ~[ApacheJMeter_core.jar:5.4.3]
	at org.apache.jmeter.timers.JSR223Timer.delay(JSR223Timer.java:43) [ApacheJMeter_components.jar:5.4.3]
	at org.apache.jmeter.threads.JMeterThread.delay(JMeterThread.java:982) [ApacheJMeter_core.jar:5.4.3]
	at org.apache.jmeter.threads.JMeterThread.executeSamplePackage(JMeterThread.java:554) [ApacheJMeter_core.jar:5.4.3]
	at org.apache.jmeter.threads.JMeterThread.processSampler(JMeterThread.java:489) [ApacheJMeter_core.jar:5.4.3]
	at org.apache.jmeter.threads.JMeterThread.run(JMeterThread.java:256) [ApacheJMeter_core.jar:5.4.3]
	at java.lang.Thread.run(Thread.java:829) [?:?]
Caused by: java.lang.NullPointerException: Cannot invoke method getTime() on null object
	at org.codehaus.groovy.runtime.NullObject.invokeMethod(NullObject.java:91) ~[groovy-3.0.7.jar:3.0.7]
	at org.codehaus.groovy.runtime.callsite.PogoMetaClassSite.call(PogoMetaClassSite.java:44) ~[groovy-3.0.7.jar:3.0.7]
	at org.codehaus.groovy.runtime.callsite.CallSiteArray.defaultCall(CallSiteArray.java:47) ~[groovy-3.0.7.jar:3.0.7]
	at org.codehaus.groovy.runtime.callsite.NullCallSite.call(NullCallSite.java:34) ~[groovy-3.0.7.jar:3.0.7]
	at org.codehaus.groovy.runtime.callsite.CallSiteArray.defaultCall(CallSiteArray.java:47) ~[groovy-3.0.7.jar:3.0.7]
	at org.codehaus.groovy.runtime.callsite.AbstractCallSite.call(AbstractCallSite.java:125) ~[groovy-3.0.7.jar:3.0.7]
	at org.codehaus.groovy.runtime.callsite.AbstractCallSite.call(AbstractCallSite.java:130) ~[groovy-3.0.7.jar:3.0.7]
	at Script2.run(Script2.groovy:2) ~[?:?]
	at org.codehaus.groovy.jsr223.GroovyScriptEngineImpl.eval(GroovyScriptEngineImpl.java:317) ~[groovy-jsr223-3.0.7.jar:3.0.7]
	... 9 more
2022-05-12 16:18:22,272 WARN k.a.j.t.VariableThroughputTimer: No free threads available in current Thread Group Thread Group, made 0 samples/s for expected rps 5.0 samples/s, increase your number of threads
2022-05-12 16:18:24,424 INFO o.a.j.t.J.JSR223 Timer: 2858
2022-05-12 16:18:24,424 WARN k.a.j.t.VariableThroughputTimer: No free threads available in current Thread Group Thread Group, made 1 samples/s for expected rps 5.0 samples/s, increase your number of threads
2022-05-12 16:18:24,719 INFO o.a.j.t.JMeterThread: Thread started: Thread Group 1-2
2022-05-12 16:18:24,724 ERROR o.a.j.t.JSR223Timer: Problem in JSR223 script, JSR223 Timer
javax.script.ScriptException: java.lang.NullPointerException: Cannot invoke method getTime() on null object
	at org.codehaus.groovy.jsr223.GroovyScriptEngineImpl.eval(GroovyScriptEngineImpl.java:320) ~[groovy-jsr223-3.0.7.jar:3.0.7]
	at org.codehaus.groovy.jsr223.GroovyCompiledScript.eval(GroovyCompiledScript.java:71) ~[groovy-jsr223-3.0.7.jar:3.0.7]
	at javax.script.CompiledScript.eval(CompiledScript.java:89) ~[java.scripting:?]
	at org.apache.jmeter.util.JSR223TestElement.processFileOrScript(JSR223TestElement.java:217) ~[ApacheJMeter_core.jar:5.4.3]
	at org.apache.jmeter.timers.JSR223Timer.delay(JSR223Timer.java:43) [ApacheJMeter_components.jar:5.4.3]
	at org.apache.jmeter.threads.JMeterThread.delay(JMeterThread.java:982) [ApacheJMeter_core.jar:5.4.3]
	at org.apache.jmeter.threads.JMeterThread.executeSamplePackage(JMeterThread.java:554) [ApacheJMeter_core.jar:5.4.3]
	at org.apache.jmeter.threads.JMeterThread.processSampler(JMeterThread.java:489) [ApacheJMeter_core.jar:5.4.3]
	at org.apache.jmeter.threads.JMeterThread.run(JMeterThread.java:256) [ApacheJMeter_core.jar:5.4.3]
	at java.lang.Thread.run(Thread.java:829) [?:?]
Caused by: java.lang.NullPointerException: Cannot invoke method getTime() on null object
	at org.codehaus.groovy.runtime.NullObject.invokeMethod(NullObject.java:91) ~[groovy-3.0.7.jar:3.0.7]
	at org.codehaus.groovy.runtime.callsite.PogoMetaClassSite.call(PogoMetaClassSite.java:44) ~[groovy-3.0.7.jar:3.0.7]
	at org.codehaus.groovy.runtime.callsite.CallSiteArray.defaultCall(CallSiteArray.java:47) ~[groovy-3.0.7.jar:3.0.7]
	at org.codehaus.groovy.runtime.callsite.NullCallSite.call(NullCallSite.java:34) ~[groovy-3.0.7.jar:3.0.7]
	at org.codehaus.groovy.runtime.callsite.CallSiteArray.defaultCall(CallSiteArray.java:47) ~[groovy-3.0.7.jar:3.0.7]
	at org.apache.jmeter.samplers.SampleResult$getTime.call(Unknown Source) ~[?:?]
	at Script2.run(Script2.groovy:2) ~[?:?]
	at org.codehaus.groovy.jsr223.GroovyScriptEngineImpl.eval(GroovyScriptEngineImpl.java:317) ~[groovy-jsr223-3.0.7.jar:3.0.7]
	... 9 more
2022-05-12 16:18:26,818 INFO o.a.j.t.J.JSR223 Timer: 2914
2022-05-12 16:18:26,818 WARN k.a.j.t.VariableThroughputTimer: No free threads available in current Thread Group Thread Group, made 2 samples/s for expected rps 5.0 samples/s, increase your number of threads
2022-05-12 16:18:30,498 INFO o.a.j.t.J.JSR223 Timer: 1787
2022-05-12 16:18:30,498 WARN k.a.j.t.VariableThroughputTimer: No free threads available in current Thread Group Thread Group, made 1 samples/s for expected rps 5.0 samples/s, increase your number of threads
2022-05-12 16:18:32,357 INFO o.a.j.t.J.JSR223 Timer: 2378
2022-05-12 16:18:32,357 WARN k.a.j.t.VariableThroughputTimer: No free threads available in current Thread Group Thread Group, made 1 samples/s for expected rps 5.0 samples/s, increase your number of threads
2022-05-12 16:18:33,991 INFO o.a.j.t.J.JSR223 Timer: 3298
2022-05-12 16:18:33,991 WARN k.a.j.t.VariableThroughputTimer: No free threads available in current Thread Group Thread Group, made 1 samples/s for expected rps 5.0 samples/s, increase your number of threads
2022-05-12 16:18:34,851 INFO o.a.j.g.a.Start: Stopping test
2022-05-12 16:18:34,865 INFO o.a.j.t.JMeterThread: Stopping: Thread Group 1-2
2022-05-12 16:18:34,865 WARN o.a.j.t.JMeterThread: Interrupting: Thread Group 1-2 sampler: Search API
2022-05-12 16:18:34,867 INFO o.a.j.t.JMeterThread: Stopping: Thread Group 1-1
2022-05-12 16:18:34,868 WARN o.a.j.t.JMeterThread: The delay timer was interrupted - probably did not wait as long as intended.
2022-05-12 16:18:34,868 INFO o.a.j.t.JMeterThread: Thread finished: Thread Group 1-1
2022-05-12 16:18:34,870 INFO o.a.j.t.JMeterThread: Thread finished: Thread Group 1-2
2022-05-12 16:18:34,870 INFO o.a.j.e.StandardJMeterEngine: Notifying test listeners of end of test
2022-05-12 16:18:34,871 INFO o.a.j.s.FileServer: Close: SearchAPI.csv
2022-05-12 16:18:34,876 INFO o.a.j.g.u.JMeterMenuBar: setRunning(false, *local*)
