2022-05-05 11:33:56,149 INFO o.a.j.u.JMeterUtils: Setting Locale to en_EN
2022-05-05 11:33:56,185 INFO o.a.j.JMeter: Loading user properties from: D:\apache-jmeter-5.4.3\apache-jmeter-5.4.3\bin\user.properties
2022-05-05 11:33:56,190 INFO o.a.j.JMeter: Loading system properties from: D:\apache-jmeter-5.4.3\apache-jmeter-5.4.3\bin\system.properties
2022-05-05 11:33:56,198 INFO o.a.j.JMeter: Copyright (c) 1998-2021 The Apache Software Foundation
2022-05-05 11:33:56,198 INFO o.a.j.JMeter: Version 5.4.3
2022-05-05 11:33:56,199 INFO o.a.j.JMeter: java.version=11.0.14.1
2022-05-05 11:33:56,199 INFO o.a.j.JMeter: java.vm.name=OpenJDK 64-Bit Server VM
2022-05-05 11:33:56,199 INFO o.a.j.JMeter: os.name=Windows 10
2022-05-05 11:33:56,199 INFO o.a.j.JMeter: os.arch=amd64
2022-05-05 11:33:56,199 INFO o.a.j.JMeter: os.version=10.0
2022-05-05 11:33:56,199 INFO o.a.j.JMeter: file.encoding=Cp1252
2022-05-05 11:33:56,200 INFO o.a.j.JMeter: java.awt.headless=null
2022-05-05 11:33:56,200 INFO o.a.j.JMeter: Max memory     =1073741824
2022-05-05 11:33:56,200 INFO o.a.j.JMeter: Available Processors =4
2022-05-05 11:33:56,212 INFO o.a.j.JMeter: Default Locale=English (EN)
2022-05-05 11:33:56,213 INFO o.a.j.JMeter: JMeter  Locale=English (EN)
2022-05-05 11:33:56,213 INFO o.a.j.JMeter: JMeterHome=D:\apache-jmeter-5.4.3\apache-jmeter-5.4.3
2022-05-05 11:33:56,213 INFO o.a.j.JMeter: user.dir  =D:\Users\sameer.khan\Desktop\OE Mobile App\Jmeter Scripts\Cart Sync Updated
2022-05-05 11:33:56,214 INFO o.a.j.JMeter: PWD       =D:\Users\sameer.khan\Desktop\OE Mobile App\Jmeter Scripts\Cart Sync Updated
2022-05-05 11:33:56,216 INFO o.a.j.JMeter: IP: 10.32.28.136 Name: DESKTOP-O7G7T12 FullName: DESKTOP-O7G7T12.cardinalhealth.net
2022-05-05 11:33:56,432 INFO o.a.j.JMeter: Setting LAF to: laf:javax.swing.plaf.metal.MetalLookAndFeel
2022-05-05 11:33:56,632 INFO o.a.j.JMeter: Loaded icon properties from org/apache/jmeter/images/icon.properties
2022-05-05 11:34:00,684 WARN o.j.r.PluginManager: Found JAR conflict: D:\apache-jmeter-5.4.3\apache-jmeter-5.4.3\lib\jmeter-plugins-cmn-jmeter-0.7.jar and D:\apache-jmeter-5.4.3\apache-jmeter-5.4.3\lib\jmeter-plugins-cmn-jmeter-0.6.jar
2022-05-05 11:34:00,850 INFO o.j.r.JARSourceHTTP: Found cached repo
2022-05-05 11:34:01,095 INFO o.j.r.PluginManager: Plugins Status: [jpgc-graphs-basic=2.0, blazemeter-debugger=0.6, jpgc-functions=2.1, jpgc-casutg=2.10, jpgc-dummy=0.4, jpgc-ffw=2.0, jpgc-fifo=0.2, jpgc-perfmon=2.1, jpgc-plugins-manager=1.7, jpgc-tst=2.5, jmeter-core=5.4.3, jmeter-ftp=5.4.3, jmeter-http=5.4.3, jmeter-jdbc=5.4.3, jmeter-jms=5.4.3, jmeter-junit=5.4.3, jmeter-java=5.4.3, jmeter-ldap=5.4.3, jmeter-mail=5.4.3, jmeter-mongodb=5.4.3, jmeter-native=5.4.3, jmeter-tcp=5.4.3, jmeter-components=5.4.3, jpgc-standard=2.0]
2022-05-05 11:34:01,221 INFO o.a.j.JMeter: Loading file: CartSync_MixNMatch_V2.jmx
2022-05-05 11:34:01,223 INFO o.a.j.s.FileServer: Default base='D:\Users\sameer.khan\Desktop\OE Mobile App\Jmeter Scripts\Cart Sync Updated'
2022-05-05 11:34:01,225 INFO o.a.j.s.FileServer: Set new base='D:\Users\sameer.khan\Desktop\OE Mobile App\Jmeter Scripts\Cart Sync Updated'
2022-05-05 11:34:01,516 INFO o.a.j.s.SaveService: Testplan (JMX) version: 2.2. Testlog (JTL) version: 2.2
2022-05-05 11:34:01,543 INFO o.a.j.s.SaveService: Using SaveService properties version 5.0
2022-05-05 11:34:01,545 INFO o.a.j.s.SaveService: Using SaveService properties file encoding UTF-8
2022-05-05 11:34:01,547 INFO o.a.j.s.SaveService: Loading file: CartSync_MixNMatch_V2.jmx
2022-05-05 11:34:01,904 INFO o.a.j.p.h.c.CookieManager: Settings: Delete null: true Check: true Allow variable: true Save: false Prefix: COOKIE_
2022-05-05 11:34:02,279 INFO o.a.j.p.h.s.HTTPSamplerBase: Parser for text/html is org.apache.jmeter.protocol.http.parser.LagartoBasedHtmlParser
2022-05-05 11:34:02,279 INFO o.a.j.p.h.s.HTTPSamplerBase: Parser for application/xhtml+xml is org.apache.jmeter.protocol.http.parser.LagartoBasedHtmlParser
2022-05-05 11:34:02,280 INFO o.a.j.p.h.s.HTTPSamplerBase: Parser for application/xml is org.apache.jmeter.protocol.http.parser.LagartoBasedHtmlParser
2022-05-05 11:34:02,280 INFO o.a.j.p.h.s.HTTPSamplerBase: Parser for text/xml is org.apache.jmeter.protocol.http.parser.LagartoBasedHtmlParser
2022-05-05 11:34:02,280 INFO o.a.j.p.h.s.HTTPSamplerBase: Parser for text/vnd.wap.wml is org.apache.jmeter.protocol.http.parser.RegexpHTMLParser
2022-05-05 11:34:02,280 INFO o.a.j.p.h.s.HTTPSamplerBase: Parser for text/css is org.apache.jmeter.protocol.http.parser.CssParser
2022-05-05 11:34:02,643 INFO o.a.j.s.FileServer: Set new base='D:\Users\sameer.khan\Desktop\OE Mobile App\Jmeter Scripts\Cart Sync Updated'
2022-05-05 11:34:04,178 INFO o.a.j.s.SampleResult: Note: Sample TimeStamps are START times
2022-05-05 11:34:04,180 INFO o.a.j.s.SampleResult: sampleresult.default.encoding is set to ISO-8859-1
2022-05-05 11:34:04,180 INFO o.a.j.s.SampleResult: sampleresult.useNanoTime=true
2022-05-05 11:34:04,181 INFO o.a.j.s.SampleResult: sampleresult.nanoThreadSleep=5000
2022-05-05 11:34:04,444 INFO o.a.j.v.ViewResultsFullVisualizer: Add JavaFX to your Java installation if you want to use renderer: org.apache.jmeter.visualizers.RenderInBrowser
2022-05-05 11:48:21,952 INFO o.a.j.e.StandardJMeterEngine: Running the test!
2022-05-05 11:48:21,957 INFO o.a.j.s.SampleEvent: List of sample_variables: []
2022-05-05 11:48:21,957 INFO o.a.j.s.SampleEvent: List of sample_variables: []
2022-05-05 11:48:21,958 INFO o.a.j.e.u.CompoundVariable: Note: Function class names must contain the string: '.functions.'
2022-05-05 11:48:21,958 INFO o.a.j.e.u.CompoundVariable: Note: Function class names must not contain the string: '.gui.'
2022-05-05 11:48:22,064 INFO o.a.j.g.u.JMeterMenuBar: setRunning(true, *local*)
2022-05-05 11:48:22,139 INFO o.a.j.e.StandardJMeterEngine: Starting ThreadGroup: 1 : Thread Group
2022-05-05 11:48:22,140 INFO o.a.j.e.StandardJMeterEngine: Starting 1 threads for group Thread Group.
2022-05-05 11:48:22,140 INFO o.a.j.e.StandardJMeterEngine: Thread will continue on error
2022-05-05 11:48:22,140 INFO o.a.j.t.ThreadGroup: Starting thread group... number=1 threads=1 ramp-up=1 delayedStart=false
2022-05-05 11:48:22,145 INFO o.a.j.t.ThreadGroup: Started thread group number 1
2022-05-05 11:48:22,145 INFO o.a.j.e.StandardJMeterEngine: All thread groups have been started
2022-05-05 11:48:22,152 INFO o.a.j.t.JMeterThread: Thread started: Thread Group 1-1
2022-05-05 11:48:22,154 INFO o.a.j.s.FileServer: Stored: CartSync_user.csv
2022-05-05 11:48:22,168 INFO o.a.j.s.FileServer: Stored: CartSync_FullOrder.csv
2022-05-05 11:48:23,484 INFO o.a.j.p.h.s.HTTPHCAbstractImpl: Local host = DESKTOP-O7G7T12
2022-05-05 11:48:23,490 INFO o.a.j.p.h.s.HTTPHC4Impl: HTTP request retry count = 0
2022-05-05 11:48:23,522 INFO o.a.j.f.FileWrapper: Attaching CartSync_user1.csv
2022-05-05 11:48:23,523 INFO o.a.j.f.FileWrapper: Opening CartSync_user1.csv as CartSync_user1.csv
2022-05-05 11:48:23,523 INFO o.a.j.s.FileServer: Stored: CartSync_user1.csv
2022-05-05 11:48:23,554 INFO o.a.j.f.FileWrapper: Saved CartSync_user1.csv as CartSync_user1.csv delimiter=<,>
2022-05-05 11:48:23,555 INFO o.a.j.f.FileWrapper: Stored CartSync_user1.csv as CartSync_user1.csv
2022-05-05 11:48:23,573 INFO o.a.j.p.h.s.h.LazyLayeredConnectionSocketFactory: Setting up HTTPS TrustAll Socket Factory
2022-05-05 11:48:23,576 INFO o.a.j.u.JsseSSLManager: Using default SSL protocol: TLS
2022-05-05 11:48:23,576 INFO o.a.j.u.JsseSSLManager: SSL session context: per-thread
2022-05-05 11:48:23,607 INFO o.a.j.u.SSLManager: JmeterKeyStore Location:  type JKS
2022-05-05 11:48:23,608 INFO o.a.j.u.SSLManager: KeyStore created OK
2022-05-05 11:48:23,608 WARN o.a.j.u.SSLManager: Keystore file not found, loading empty keystore
2022-05-05 11:48:24,428 INFO o.a.j.g.a.Start: Stopping test
2022-05-05 11:48:24,454 INFO o.a.j.t.JMeterThread: Stopping: Thread Group 1-1
2022-05-05 11:48:24,456 WARN o.a.j.t.JMeterThread: Interrupting: Thread Group 1-1 sampler: 0 - Login Request
2022-05-05 11:48:24,468 INFO o.a.j.t.JMeterThread: Thread finished: Thread Group 1-1
2022-05-05 11:48:24,470 INFO o.a.j.e.StandardJMeterEngine: Notifying test listeners of end of test
2022-05-05 11:48:24,471 INFO o.a.j.s.FileServer: Close: CartSync_FullOrder.csv
2022-05-05 11:48:24,472 INFO o.a.j.s.FileServer: Close: CartSync_user.csv
2022-05-05 11:48:24,473 INFO o.a.j.g.u.JMeterMenuBar: setRunning(false, *local*)
2022-05-05 11:48:28,581 INFO o.a.j.e.StandardJMeterEngine: Running the test!
2022-05-05 11:48:28,583 INFO o.a.j.s.SampleEvent: List of sample_variables: []
2022-05-05 11:48:28,596 INFO o.a.j.g.u.JMeterMenuBar: setRunning(true, *local*)
2022-05-05 11:48:28,676 INFO o.a.j.e.StandardJMeterEngine: Starting ThreadGroup: 1 : Thread Group
2022-05-05 11:48:28,677 INFO o.a.j.e.StandardJMeterEngine: Starting 1 threads for group Thread Group.
2022-05-05 11:48:28,677 INFO o.a.j.e.StandardJMeterEngine: Thread will continue on error
2022-05-05 11:48:28,677 INFO o.a.j.t.ThreadGroup: Starting thread group... number=1 threads=1 ramp-up=1 delayedStart=false
2022-05-05 11:48:28,680 INFO o.a.j.t.ThreadGroup: Started thread group number 1
2022-05-05 11:48:28,680 INFO o.a.j.e.StandardJMeterEngine: All thread groups have been started
2022-05-05 11:48:28,681 INFO o.a.j.t.JMeterThread: Thread started: Thread Group 1-1
2022-05-05 11:48:28,682 INFO o.a.j.s.FileServer: Stored: CartSync_user.csv
2022-05-05 11:48:28,684 INFO o.a.j.s.FileServer: Stored: CartSync_FullOrder.csv
2022-05-05 11:48:28,802 INFO o.a.j.f.FileWrapper: Attaching CartSync_user1.csv
2022-05-05 11:48:28,802 INFO o.a.j.f.FileWrapper: Opening CartSync_user1.csv as CartSync_user1.csv
2022-05-05 11:48:28,803 INFO o.a.j.s.FileServer: Stored: CartSync_user1.csv
2022-05-05 11:48:28,803 INFO o.a.j.f.FileWrapper: Saved CartSync_user1.csv as CartSync_user1.csv delimiter=<,>
2022-05-05 11:48:28,804 INFO o.a.j.f.FileWrapper: Stored CartSync_user1.csv as CartSync_user1.csv
2022-05-05 11:48:55,272 INFO o.a.j.t.JMeterThread: Thread is done: Thread Group 1-1
2022-05-05 11:48:55,272 INFO o.a.j.t.JMeterThread: Thread finished: Thread Group 1-1
2022-05-05 11:48:55,273 INFO o.a.j.e.StandardJMeterEngine: Notifying test listeners of end of test
2022-05-05 11:48:55,273 INFO o.a.j.s.FileServer: Close: CartSync_FullOrder.csv
2022-05-05 11:48:55,274 INFO o.a.j.s.FileServer: Close: CartSync_user.csv
2022-05-05 11:48:55,276 INFO o.a.j.g.u.JMeterMenuBar: setRunning(false, *local*)
2022-05-05 12:30:35,376 INFO o.a.j.e.StandardJMeterEngine: Running the test!
2022-05-05 12:30:35,385 INFO o.a.j.s.SampleEvent: List of sample_variables: []
2022-05-05 12:30:35,395 WARN o.a.j.f.CSVRead: StandardJMeterEngine - can't parse column number: StandardJMeterEngine java.lang.NumberFormatException: For input string: "StandardJMeterEngine"
2022-05-05 12:30:35,395 INFO o.a.j.g.u.JMeterMenuBar: setRunning(true, *local*)
2022-05-05 12:30:35,504 INFO o.a.j.e.StandardJMeterEngine: Starting ThreadGroup: 1 : Thread Group
2022-05-05 12:30:35,504 INFO o.a.j.e.StandardJMeterEngine: Starting 1 threads for group Thread Group.
2022-05-05 12:30:35,505 INFO o.a.j.e.StandardJMeterEngine: Thread will continue on error
2022-05-05 12:30:35,505 INFO o.a.j.t.ThreadGroup: Starting thread group... number=1 threads=1 ramp-up=1 delayedStart=false
2022-05-05 12:30:35,509 INFO o.a.j.t.ThreadGroup: Started thread group number 1
2022-05-05 12:30:35,511 INFO o.a.j.e.StandardJMeterEngine: All thread groups have been started
2022-05-05 12:30:35,515 INFO o.a.j.t.JMeterThread: Thread started: Thread Group 1-1
2022-05-05 12:30:35,516 INFO o.a.j.s.FileServer: Stored: CartSync_user.csv
2022-05-05 12:30:35,523 INFO o.a.j.s.FileServer: Stored: CartSync_FullOrder.csv
2022-05-05 12:30:35,648 INFO o.a.j.f.FileWrapper: Attaching CartSync_user1.csv
2022-05-05 12:30:35,651 INFO o.a.j.f.FileWrapper: Opening CartSync_user1.csv as CartSync_user1.csv
2022-05-05 12:30:35,651 INFO o.a.j.s.FileServer: Stored: CartSync_user1.csv
2022-05-05 12:30:35,660 INFO o.a.j.f.FileWrapper: Saved CartSync_user1.csv as CartSync_user1.csv delimiter=<,>
2022-05-05 12:30:35,660 INFO o.a.j.f.FileWrapper: Stored CartSync_user1.csv as CartSync_user1.csv
2022-05-05 12:30:37,694 ERROR o.a.j.e.JSR223PostProcessor: Problem in JSR223 script, JSR223 PostProcessor
javax.script.ScriptException: Script file 'D:\Users\sameer.khan\Desktop\OE Mobile App\Jmeter Scripts\Cart Sync Updated\outputfile.csv' does not exist or is unreadable for element:JSR223 PostProcessor
	at org.apache.jmeter.util.JSR223TestElement.processFileOrScript(JSR223TestElement.java:200) ~[ApacheJMeter_core.jar:5.4.3]
	at org.apache.jmeter.extractor.JSR223PostProcessor.process(JSR223PostProcessor.java:45) [ApacheJMeter_components.jar:5.4.3]
	at org.apache.jmeter.threads.JMeterThread.runPostProcessors(JMeterThread.java:955) [ApacheJMeter_core.jar:5.4.3]
	at org.apache.jmeter.threads.JMeterThread.executeSamplePackage(JMeterThread.java:573) [ApacheJMeter_core.jar:5.4.3]
	at org.apache.jmeter.threads.JMeterThread.processSampler(JMeterThread.java:489) [ApacheJMeter_core.jar:5.4.3]
	at org.apache.jmeter.threads.JMeterThread.run(JMeterThread.java:256) [ApacheJMeter_core.jar:5.4.3]
	at java.lang.Thread.run(Thread.java:829) [?:?]
2022-05-05 12:30:40,762 ERROR o.a.j.e.JSR223PostProcessor: Problem in JSR223 script, JSR223 PostProcessor
javax.script.ScriptException: Script file 'D:\Users\sameer.khan\Desktop\OE Mobile App\Jmeter Scripts\Cart Sync Updated\outputfile.csv' does not exist or is unreadable for element:JSR223 PostProcessor
	at org.apache.jmeter.util.JSR223TestElement.processFileOrScript(JSR223TestElement.java:200) ~[ApacheJMeter_core.jar:5.4.3]
	at org.apache.jmeter.extractor.JSR223PostProcessor.process(JSR223PostProcessor.java:45) [ApacheJMeter_components.jar:5.4.3]
	at org.apache.jmeter.threads.JMeterThread.runPostProcessors(JMeterThread.java:955) [ApacheJMeter_core.jar:5.4.3]
	at org.apache.jmeter.threads.JMeterThread.executeSamplePackage(JMeterThread.java:573) [ApacheJMeter_core.jar:5.4.3]
	at org.apache.jmeter.threads.JMeterThread.processSampler(JMeterThread.java:489) [ApacheJMeter_core.jar:5.4.3]
	at org.apache.jmeter.threads.JMeterThread.run(JMeterThread.java:256) [ApacheJMeter_core.jar:5.4.3]
	at java.lang.Thread.run(Thread.java:829) [?:?]
2022-05-05 12:30:53,868 ERROR o.a.j.e.JSR223PostProcessor: Problem in JSR223 script, JSR223 PostProcessor
javax.script.ScriptException: Script file 'D:\Users\sameer.khan\Desktop\OE Mobile App\Jmeter Scripts\Cart Sync Updated\outputfile.csv' does not exist or is unreadable for element:JSR223 PostProcessor
	at org.apache.jmeter.util.JSR223TestElement.processFileOrScript(JSR223TestElement.java:200) ~[ApacheJMeter_core.jar:5.4.3]
	at org.apache.jmeter.extractor.JSR223PostProcessor.process(JSR223PostProcessor.java:45) [ApacheJMeter_components.jar:5.4.3]
	at org.apache.jmeter.threads.JMeterThread.runPostProcessors(JMeterThread.java:955) [ApacheJMeter_core.jar:5.4.3]
	at org.apache.jmeter.threads.JMeterThread.executeSamplePackage(JMeterThread.java:573) [ApacheJMeter_core.jar:5.4.3]
	at org.apache.jmeter.threads.JMeterThread.processSampler(JMeterThread.java:489) [ApacheJMeter_core.jar:5.4.3]
	at org.apache.jmeter.threads.JMeterThread.run(JMeterThread.java:256) [ApacheJMeter_core.jar:5.4.3]
	at java.lang.Thread.run(Thread.java:829) [?:?]
2022-05-05 12:30:57,750 ERROR o.a.j.e.JSR223PostProcessor: Problem in JSR223 script, JSR223 PostProcessor
javax.script.ScriptException: Script file 'D:\Users\sameer.khan\Desktop\OE Mobile App\Jmeter Scripts\Cart Sync Updated\outputfile.csv' does not exist or is unreadable for element:JSR223 PostProcessor
	at org.apache.jmeter.util.JSR223TestElement.processFileOrScript(JSR223TestElement.java:200) ~[ApacheJMeter_core.jar:5.4.3]
	at org.apache.jmeter.extractor.JSR223PostProcessor.process(JSR223PostProcessor.java:45) [ApacheJMeter_components.jar:5.4.3]
	at org.apache.jmeter.threads.JMeterThread.runPostProcessors(JMeterThread.java:955) [ApacheJMeter_core.jar:5.4.3]
	at org.apache.jmeter.threads.JMeterThread.executeSamplePackage(JMeterThread.java:573) [ApacheJMeter_core.jar:5.4.3]
	at org.apache.jmeter.threads.JMeterThread.processSampler(JMeterThread.java:489) [ApacheJMeter_core.jar:5.4.3]
	at org.apache.jmeter.threads.JMeterThread.run(JMeterThread.java:256) [ApacheJMeter_core.jar:5.4.3]
	at java.lang.Thread.run(Thread.java:829) [?:?]
2022-05-05 12:31:00,644 ERROR o.a.j.e.JSR223PostProcessor: Problem in JSR223 script, JSR223 PostProcessor
javax.script.ScriptException: Script file 'D:\Users\sameer.khan\Desktop\OE Mobile App\Jmeter Scripts\Cart Sync Updated\outputfile.csv' does not exist or is unreadable for element:JSR223 PostProcessor
	at org.apache.jmeter.util.JSR223TestElement.processFileOrScript(JSR223TestElement.java:200) ~[ApacheJMeter_core.jar:5.4.3]
	at org.apache.jmeter.extractor.JSR223PostProcessor.process(JSR223PostProcessor.java:45) [ApacheJMeter_components.jar:5.4.3]
	at org.apache.jmeter.threads.JMeterThread.runPostProcessors(JMeterThread.java:955) [ApacheJMeter_core.jar:5.4.3]
	at org.apache.jmeter.threads.JMeterThread.executeSamplePackage(JMeterThread.java:573) [ApacheJMeter_core.jar:5.4.3]
	at org.apache.jmeter.threads.JMeterThread.processSampler(JMeterThread.java:489) [ApacheJMeter_core.jar:5.4.3]
	at org.apache.jmeter.threads.JMeterThread.run(JMeterThread.java:256) [ApacheJMeter_core.jar:5.4.3]
	at java.lang.Thread.run(Thread.java:829) [?:?]
2022-05-05 12:31:00,647 INFO o.a.j.t.JMeterThread: Thread is done: Thread Group 1-1
2022-05-05 12:31:00,647 INFO o.a.j.t.JMeterThread: Thread finished: Thread Group 1-1
2022-05-05 12:31:00,648 INFO o.a.j.e.StandardJMeterEngine: Notifying test listeners of end of test
2022-05-05 12:31:00,649 INFO o.a.j.s.FileServer: Close: CartSync_FullOrder.csv
2022-05-05 12:31:00,649 INFO o.a.j.s.FileServer: Close: CartSync_user.csv
2022-05-05 12:31:00,651 INFO o.a.j.g.u.JMeterMenuBar: setRunning(false, *local*)
2022-05-05 12:32:28,850 INFO o.a.j.e.StandardJMeterEngine: Running the test!
2022-05-05 12:32:28,851 INFO o.a.j.s.SampleEvent: List of sample_variables: []
2022-05-05 12:32:28,883 WARN o.a.j.f.CSVRead: StandardJMeterEngine - can't parse column number: StandardJMeterEngine java.lang.NumberFormatException: For input string: "StandardJMeterEngine"
2022-05-05 12:32:28,883 INFO o.a.j.g.u.JMeterMenuBar: setRunning(true, *local*)
2022-05-05 12:32:28,977 INFO o.a.j.e.StandardJMeterEngine: Starting ThreadGroup: 1 : Thread Group
2022-05-05 12:32:28,978 INFO o.a.j.e.StandardJMeterEngine: Starting 1 threads for group Thread Group.
2022-05-05 12:32:28,978 INFO o.a.j.e.StandardJMeterEngine: Thread will continue on error
2022-05-05 12:32:28,979 INFO o.a.j.t.ThreadGroup: Starting thread group... number=1 threads=1 ramp-up=1 delayedStart=false
2022-05-05 12:32:28,988 INFO o.a.j.t.ThreadGroup: Started thread group number 1
2022-05-05 12:32:28,990 INFO o.a.j.e.StandardJMeterEngine: All thread groups have been started
2022-05-05 12:32:28,993 INFO o.a.j.t.JMeterThread: Thread started: Thread Group 1-1
2022-05-05 12:32:28,994 INFO o.a.j.s.FileServer: Stored: CartSync_user.csv
2022-05-05 12:32:29,004 INFO o.a.j.s.FileServer: Stored: CartSync_FullOrder.csv
2022-05-05 12:32:29,112 INFO o.a.j.f.FileWrapper: Attaching CartSync_user1.csv
2022-05-05 12:32:29,112 INFO o.a.j.f.FileWrapper: Opening CartSync_user1.csv as CartSync_user1.csv
2022-05-05 12:32:29,113 INFO o.a.j.s.FileServer: Stored: CartSync_user1.csv
2022-05-05 12:32:29,123 INFO o.a.j.f.FileWrapper: Saved CartSync_user1.csv as CartSync_user1.csv delimiter=<,>
2022-05-05 12:32:29,123 INFO o.a.j.f.FileWrapper: Stored CartSync_user1.csv as CartSync_user1.csv
2022-05-05 12:32:31,177 ERROR o.a.j.e.JSR223PostProcessor: Problem in JSR223 script, JSR223 PostProcessor
javax.script.ScriptException: java.nio.charset.MalformedInputException: Input length = 1
	at org.codehaus.groovy.jsr223.GroovyScriptEngineImpl.readFully(GroovyScriptEngineImpl.java:458) ~[groovy-jsr223-3.0.7.jar:3.0.7]
	at org.codehaus.groovy.jsr223.GroovyScriptEngineImpl.compile(GroovyScriptEngineImpl.java:188) ~[groovy-jsr223-3.0.7.jar:3.0.7]
	at org.apache.jmeter.util.JSR223TestElement.processFileOrScript(JSR223TestElement.java:186) ~[ApacheJMeter_core.jar:5.4.3]
	at org.apache.jmeter.extractor.JSR223PostProcessor.process(JSR223PostProcessor.java:45) [ApacheJMeter_components.jar:5.4.3]
	at org.apache.jmeter.threads.JMeterThread.runPostProcessors(JMeterThread.java:955) [ApacheJMeter_core.jar:5.4.3]
	at org.apache.jmeter.threads.JMeterThread.executeSamplePackage(JMeterThread.java:573) [ApacheJMeter_core.jar:5.4.3]
	at org.apache.jmeter.threads.JMeterThread.processSampler(JMeterThread.java:489) [ApacheJMeter_core.jar:5.4.3]
	at org.apache.jmeter.threads.JMeterThread.run(JMeterThread.java:256) [ApacheJMeter_core.jar:5.4.3]
	at java.lang.Thread.run(Thread.java:829) [?:?]
Caused by: java.nio.charset.MalformedInputException: Input length = 1
	at java.nio.charset.CoderResult.throwException(CoderResult.java:274) ~[?:?]
	at sun.nio.cs.StreamDecoder.implRead(StreamDecoder.java:339) ~[?:?]
	at sun.nio.cs.StreamDecoder.read(StreamDecoder.java:178) ~[?:?]
	at java.io.InputStreamReader.read(InputStreamReader.java:181) ~[?:?]
	at java.io.BufferedReader.read1(BufferedReader.java:210) ~[?:?]
	at java.io.BufferedReader.read(BufferedReader.java:287) ~[?:?]
	at org.codehaus.groovy.jsr223.GroovyScriptEngineImpl.readFully(GroovyScriptEngineImpl.java:454) ~[groovy-jsr223-3.0.7.jar:3.0.7]
	... 8 more
2022-05-05 12:32:34,304 ERROR o.a.j.e.JSR223PostProcessor: Problem in JSR223 script, JSR223 PostProcessor
javax.script.ScriptException: java.nio.charset.MalformedInputException: Input length = 1
	at org.codehaus.groovy.jsr223.GroovyScriptEngineImpl.readFully(GroovyScriptEngineImpl.java:458) ~[groovy-jsr223-3.0.7.jar:3.0.7]
	at org.codehaus.groovy.jsr223.GroovyScriptEngineImpl.compile(GroovyScriptEngineImpl.java:188) ~[groovy-jsr223-3.0.7.jar:3.0.7]
	at org.apache.jmeter.util.JSR223TestElement.processFileOrScript(JSR223TestElement.java:186) ~[ApacheJMeter_core.jar:5.4.3]
	at org.apache.jmeter.extractor.JSR223PostProcessor.process(JSR223PostProcessor.java:45) [ApacheJMeter_components.jar:5.4.3]
	at org.apache.jmeter.threads.JMeterThread.runPostProcessors(JMeterThread.java:955) [ApacheJMeter_core.jar:5.4.3]
	at org.apache.jmeter.threads.JMeterThread.executeSamplePackage(JMeterThread.java:573) [ApacheJMeter_core.jar:5.4.3]
	at org.apache.jmeter.threads.JMeterThread.processSampler(JMeterThread.java:489) [ApacheJMeter_core.jar:5.4.3]
	at org.apache.jmeter.threads.JMeterThread.run(JMeterThread.java:256) [ApacheJMeter_core.jar:5.4.3]
	at java.lang.Thread.run(Thread.java:829) [?:?]
Caused by: java.nio.charset.MalformedInputException: Input length = 1
	at java.nio.charset.CoderResult.throwException(CoderResult.java:274) ~[?:?]
	at sun.nio.cs.StreamDecoder.implRead(StreamDecoder.java:339) ~[?:?]
	at sun.nio.cs.StreamDecoder.read(StreamDecoder.java:178) ~[?:?]
	at java.io.InputStreamReader.read(InputStreamReader.java:181) ~[?:?]
	at java.io.BufferedReader.read1(BufferedReader.java:210) ~[?:?]
	at java.io.BufferedReader.read(BufferedReader.java:287) ~[?:?]
	at org.codehaus.groovy.jsr223.GroovyScriptEngineImpl.readFully(GroovyScriptEngineImpl.java:454) ~[groovy-jsr223-3.0.7.jar:3.0.7]
	... 8 more
2022-05-05 12:32:45,814 ERROR o.a.j.e.JSR223PostProcessor: Problem in JSR223 script, JSR223 PostProcessor
javax.script.ScriptException: java.nio.charset.MalformedInputException: Input length = 1
	at org.codehaus.groovy.jsr223.GroovyScriptEngineImpl.readFully(GroovyScriptEngineImpl.java:458) ~[groovy-jsr223-3.0.7.jar:3.0.7]
	at org.codehaus.groovy.jsr223.GroovyScriptEngineImpl.compile(GroovyScriptEngineImpl.java:188) ~[groovy-jsr223-3.0.7.jar:3.0.7]
	at org.apache.jmeter.util.JSR223TestElement.processFileOrScript(JSR223TestElement.java:186) ~[ApacheJMeter_core.jar:5.4.3]
	at org.apache.jmeter.extractor.JSR223PostProcessor.process(JSR223PostProcessor.java:45) [ApacheJMeter_components.jar:5.4.3]
	at org.apache.jmeter.threads.JMeterThread.runPostProcessors(JMeterThread.java:955) [ApacheJMeter_core.jar:5.4.3]
	at org.apache.jmeter.threads.JMeterThread.executeSamplePackage(JMeterThread.java:573) [ApacheJMeter_core.jar:5.4.3]
	at org.apache.jmeter.threads.JMeterThread.processSampler(JMeterThread.java:489) [ApacheJMeter_core.jar:5.4.3]
	at org.apache.jmeter.threads.JMeterThread.run(JMeterThread.java:256) [ApacheJMeter_core.jar:5.4.3]
	at java.lang.Thread.run(Thread.java:829) [?:?]
Caused by: java.nio.charset.MalformedInputException: Input length = 1
	at java.nio.charset.CoderResult.throwException(CoderResult.java:274) ~[?:?]
	at sun.nio.cs.StreamDecoder.implRead(StreamDecoder.java:339) ~[?:?]
	at sun.nio.cs.StreamDecoder.read(StreamDecoder.java:178) ~[?:?]
	at java.io.InputStreamReader.read(InputStreamReader.java:181) ~[?:?]
	at java.io.BufferedReader.read1(BufferedReader.java:210) ~[?:?]
	at java.io.BufferedReader.read(BufferedReader.java:287) ~[?:?]
	at org.codehaus.groovy.jsr223.GroovyScriptEngineImpl.readFully(GroovyScriptEngineImpl.java:454) ~[groovy-jsr223-3.0.7.jar:3.0.7]
	... 8 more
2022-05-05 12:32:50,426 ERROR o.a.j.e.JSR223PostProcessor: Problem in JSR223 script, JSR223 PostProcessor
javax.script.ScriptException: java.nio.charset.MalformedInputException: Input length = 1
	at org.codehaus.groovy.jsr223.GroovyScriptEngineImpl.readFully(GroovyScriptEngineImpl.java:458) ~[groovy-jsr223-3.0.7.jar:3.0.7]
	at org.codehaus.groovy.jsr223.GroovyScriptEngineImpl.compile(GroovyScriptEngineImpl.java:188) ~[groovy-jsr223-3.0.7.jar:3.0.7]
	at org.apache.jmeter.util.JSR223TestElement.processFileOrScript(JSR223TestElement.java:186) ~[ApacheJMeter_core.jar:5.4.3]
	at org.apache.jmeter.extractor.JSR223PostProcessor.process(JSR223PostProcessor.java:45) [ApacheJMeter_components.jar:5.4.3]
	at org.apache.jmeter.threads.JMeterThread.runPostProcessors(JMeterThread.java:955) [ApacheJMeter_core.jar:5.4.3]
	at org.apache.jmeter.threads.JMeterThread.executeSamplePackage(JMeterThread.java:573) [ApacheJMeter_core.jar:5.4.3]
	at org.apache.jmeter.threads.JMeterThread.processSampler(JMeterThread.java:489) [ApacheJMeter_core.jar:5.4.3]
	at org.apache.jmeter.threads.JMeterThread.run(JMeterThread.java:256) [ApacheJMeter_core.jar:5.4.3]
	at java.lang.Thread.run(Thread.java:829) [?:?]
Caused by: java.nio.charset.MalformedInputException: Input length = 1
	at java.nio.charset.CoderResult.throwException(CoderResult.java:274) ~[?:?]
	at sun.nio.cs.StreamDecoder.implRead(StreamDecoder.java:339) ~[?:?]
	at sun.nio.cs.StreamDecoder.read(StreamDecoder.java:178) ~[?:?]
	at java.io.InputStreamReader.read(InputStreamReader.java:181) ~[?:?]
	at java.io.BufferedReader.read1(BufferedReader.java:210) ~[?:?]
	at java.io.BufferedReader.read(BufferedReader.java:287) ~[?:?]
	at org.codehaus.groovy.jsr223.GroovyScriptEngineImpl.readFully(GroovyScriptEngineImpl.java:454) ~[groovy-jsr223-3.0.7.jar:3.0.7]
	... 8 more
2022-05-05 12:32:53,467 ERROR o.a.j.e.JSR223PostProcessor: Problem in JSR223 script, JSR223 PostProcessor
javax.script.ScriptException: java.nio.charset.MalformedInputException: Input length = 1
	at org.codehaus.groovy.jsr223.GroovyScriptEngineImpl.readFully(GroovyScriptEngineImpl.java:458) ~[groovy-jsr223-3.0.7.jar:3.0.7]
	at org.codehaus.groovy.jsr223.GroovyScriptEngineImpl.compile(GroovyScriptEngineImpl.java:188) ~[groovy-jsr223-3.0.7.jar:3.0.7]
	at org.apache.jmeter.util.JSR223TestElement.processFileOrScript(JSR223TestElement.java:186) ~[ApacheJMeter_core.jar:5.4.3]
	at org.apache.jmeter.extractor.JSR223PostProcessor.process(JSR223PostProcessor.java:45) [ApacheJMeter_components.jar:5.4.3]
	at org.apache.jmeter.threads.JMeterThread.runPostProcessors(JMeterThread.java:955) [ApacheJMeter_core.jar:5.4.3]
	at org.apache.jmeter.threads.JMeterThread.executeSamplePackage(JMeterThread.java:573) [ApacheJMeter_core.jar:5.4.3]
	at org.apache.jmeter.threads.JMeterThread.processSampler(JMeterThread.java:489) [ApacheJMeter_core.jar:5.4.3]
	at org.apache.jmeter.threads.JMeterThread.run(JMeterThread.java:256) [ApacheJMeter_core.jar:5.4.3]
	at java.lang.Thread.run(Thread.java:829) [?:?]
Caused by: java.nio.charset.MalformedInputException: Input length = 1
	at java.nio.charset.CoderResult.throwException(CoderResult.java:274) ~[?:?]
	at sun.nio.cs.StreamDecoder.implRead(StreamDecoder.java:339) ~[?:?]
	at sun.nio.cs.StreamDecoder.read(StreamDecoder.java:178) ~[?:?]
	at java.io.InputStreamReader.read(InputStreamReader.java:181) ~[?:?]
	at java.io.BufferedReader.read1(BufferedReader.java:210) ~[?:?]
	at java.io.BufferedReader.read(BufferedReader.java:287) ~[?:?]
	at org.codehaus.groovy.jsr223.GroovyScriptEngineImpl.readFully(GroovyScriptEngineImpl.java:454) ~[groovy-jsr223-3.0.7.jar:3.0.7]
	... 8 more
2022-05-05 12:32:53,469 INFO o.a.j.t.JMeterThread: Thread is done: Thread Group 1-1
2022-05-05 12:32:53,469 INFO o.a.j.t.JMeterThread: Thread finished: Thread Group 1-1
2022-05-05 12:32:53,470 INFO o.a.j.e.StandardJMeterEngine: Notifying test listeners of end of test
2022-05-05 12:32:53,470 INFO o.a.j.s.FileServer: Close: CartSync_FullOrder.csv
2022-05-05 12:32:53,471 INFO o.a.j.s.FileServer: Close: CartSync_user.csv
2022-05-05 12:32:53,471 INFO o.a.j.g.u.JMeterMenuBar: setRunning(false, *local*)
2022-05-05 12:38:30,593 INFO o.a.j.v.ViewResultsFullVisualizer: Add JavaFX to your Java installation if you want to use renderer: org.apache.jmeter.visualizers.RenderInBrowser
2022-05-05 12:39:07,676 WARN o.a.j.e.u.FunctionParser: Probably an invalid function string: )}
2022-05-05 12:42:39,270 INFO o.a.j.e.StandardJMeterEngine: Running the test!
2022-05-05 12:42:39,271 INFO o.a.j.s.SampleEvent: List of sample_variables: []
2022-05-05 12:42:39,279 WARN o.a.j.f.CSVRead: StandardJMeterEngine - can't parse column number: StandardJMeterEngine java.lang.NumberFormatException: For input string: "StandardJMeterEngine"
2022-05-05 12:42:39,280 INFO o.a.j.g.u.JMeterMenuBar: setRunning(true, *local*)
2022-05-05 12:42:39,306 INFO o.a.j.e.StandardJMeterEngine: Starting ThreadGroup: 1 : Thread Group
2022-05-05 12:42:39,307 INFO o.a.j.e.StandardJMeterEngine: Starting 1 threads for group Thread Group.
2022-05-05 12:42:39,307 INFO o.a.j.e.StandardJMeterEngine: Thread will continue on error
2022-05-05 12:42:39,307 INFO o.a.j.t.ThreadGroup: Starting thread group... number=1 threads=1 ramp-up=1 delayedStart=false
2022-05-05 12:42:39,311 INFO o.a.j.t.ThreadGroup: Started thread group number 1
2022-05-05 12:42:39,319 INFO o.a.j.e.StandardJMeterEngine: All thread groups have been started
2022-05-05 12:42:39,324 INFO o.a.j.t.JMeterThread: Thread started: Thread Group 1-1
2022-05-05 12:42:39,326 INFO o.a.j.s.FileServer: Stored: CartSync_user.csv
2022-05-05 12:42:39,334 INFO o.a.j.s.FileServer: Stored: CartSync_FullOrder.csv
2022-05-05 12:42:39,455 INFO o.a.j.f.FileWrapper: Attaching CartSync_user1.csv
2022-05-05 12:42:39,455 INFO o.a.j.f.FileWrapper: Opening CartSync_user1.csv as CartSync_user1.csv
2022-05-05 12:42:39,456 INFO o.a.j.s.FileServer: Stored: CartSync_user1.csv
2022-05-05 12:42:39,462 INFO o.a.j.f.FileWrapper: Saved CartSync_user1.csv as CartSync_user1.csv delimiter=<,>
2022-05-05 12:42:39,462 INFO o.a.j.f.FileWrapper: Stored CartSync_user1.csv as CartSync_user1.csv
2022-05-05 12:43:02,608 ERROR o.a.j.p.j.s.JSR223Sampler: Problem in JSR223 script JSR223 Sampler, message: javax.script.ScriptException: groovy.lang.MissingPropertyException: No such property: oe_pe for class: Script21
javax.script.ScriptException: groovy.lang.MissingPropertyException: No such property: oe_pe for class: Script21
	at org.codehaus.groovy.jsr223.GroovyScriptEngineImpl.eval(GroovyScriptEngineImpl.java:320) ~[groovy-jsr223-3.0.7.jar:3.0.7]
	at org.codehaus.groovy.jsr223.GroovyCompiledScript.eval(GroovyCompiledScript.java:71) ~[groovy-jsr223-3.0.7.jar:3.0.7]
	at javax.script.CompiledScript.eval(CompiledScript.java:89) ~[java.scripting:?]
	at org.apache.jmeter.util.JSR223TestElement.processFileOrScript(JSR223TestElement.java:217) ~[ApacheJMeter_core.jar:5.4.3]
	at org.apache.jmeter.protocol.java.sampler.JSR223Sampler.sample(JSR223Sampler.java:72) [ApacheJMeter_java.jar:5.4.3]
	at org.apache.jmeter.threads.JMeterThread.doSampling(JMeterThread.java:638) [ApacheJMeter_core.jar:5.4.3]
	at org.apache.jmeter.threads.JMeterThread.executeSamplePackage(JMeterThread.java:558) [ApacheJMeter_core.jar:5.4.3]
	at org.apache.jmeter.threads.JMeterThread.processSampler(JMeterThread.java:489) [ApacheJMeter_core.jar:5.4.3]
	at org.apache.jmeter.threads.JMeterThread.run(JMeterThread.java:256) [ApacheJMeter_core.jar:5.4.3]
	at java.lang.Thread.run(Thread.java:829) [?:?]
Caused by: groovy.lang.MissingPropertyException: No such property: oe_pe for class: Script21
	at org.codehaus.groovy.runtime.ScriptBytecodeAdapter.unwrap(ScriptBytecodeAdapter.java:65) ~[groovy-3.0.7.jar:3.0.7]
	at org.codehaus.groovy.runtime.callsite.PogoGetPropertySite.getProperty(PogoGetPropertySite.java:51) ~[groovy-3.0.7.jar:3.0.7]
	at org.codehaus.groovy.runtime.callsite.AbstractCallSite.callGroovyObjectGetProperty(AbstractCallSite.java:341) ~[groovy-3.0.7.jar:3.0.7]
	at Script21.run(Script21.groovy:1) ~[?:?]
	at org.codehaus.groovy.jsr223.GroovyScriptEngineImpl.eval(GroovyScriptEngineImpl.java:317) ~[groovy-jsr223-3.0.7.jar:3.0.7]
	... 9 more
2022-05-05 12:43:02,612 INFO o.a.j.t.JMeterThread: Thread is done: Thread Group 1-1
2022-05-05 12:43:02,612 INFO o.a.j.t.JMeterThread: Thread finished: Thread Group 1-1
2022-05-05 12:43:02,613 INFO o.a.j.e.StandardJMeterEngine: Notifying test listeners of end of test
2022-05-05 12:43:02,613 INFO o.a.j.s.FileServer: Close: CartSync_FullOrder.csv
2022-05-05 12:43:02,614 INFO o.a.j.s.FileServer: Close: CartSync_user.csv
2022-05-05 12:43:02,615 INFO o.a.j.g.u.JMeterMenuBar: setRunning(false, *local*)
2022-05-05 12:45:13,734 INFO o.a.j.e.StandardJMeterEngine: Running the test!
2022-05-05 12:45:13,735 INFO o.a.j.s.SampleEvent: List of sample_variables: []
2022-05-05 12:45:13,752 WARN o.a.j.f.CSVRead: StandardJMeterEngine - can't parse column number: StandardJMeterEngine java.lang.NumberFormatException: For input string: "StandardJMeterEngine"
2022-05-05 12:45:13,754 INFO o.a.j.g.u.JMeterMenuBar: setRunning(true, *local*)
2022-05-05 12:45:13,844 INFO o.a.j.e.StandardJMeterEngine: Starting ThreadGroup: 1 : Thread Group
2022-05-05 12:45:13,845 INFO o.a.j.e.StandardJMeterEngine: Starting 1 threads for group Thread Group.
2022-05-05 12:45:13,845 INFO o.a.j.e.StandardJMeterEngine: Thread will continue on error
2022-05-05 12:45:13,845 INFO o.a.j.t.ThreadGroup: Starting thread group... number=1 threads=1 ramp-up=1 delayedStart=false
2022-05-05 12:45:13,847 INFO o.a.j.t.ThreadGroup: Started thread group number 1
2022-05-05 12:45:13,847 INFO o.a.j.e.StandardJMeterEngine: All thread groups have been started
2022-05-05 12:45:13,848 INFO o.a.j.t.JMeterThread: Thread started: Thread Group 1-1
2022-05-05 12:45:13,849 INFO o.a.j.s.FileServer: Stored: CartSync_user.csv
2022-05-05 12:45:13,854 INFO o.a.j.s.FileServer: Stored: CartSync_FullOrder.csv
2022-05-05 12:45:13,962 INFO o.a.j.f.FileWrapper: Attaching CartSync_user1.csv
2022-05-05 12:45:13,962 INFO o.a.j.f.FileWrapper: Opening CartSync_user1.csv as CartSync_user1.csv
2022-05-05 12:45:13,962 INFO o.a.j.s.FileServer: Stored: CartSync_user1.csv
2022-05-05 12:45:13,975 INFO o.a.j.f.FileWrapper: Saved CartSync_user1.csv as CartSync_user1.csv delimiter=<,>
2022-05-05 12:45:13,975 INFO o.a.j.f.FileWrapper: Stored CartSync_user1.csv as CartSync_user1.csv
2022-05-05 12:45:32,427 ERROR o.a.j.p.j.s.JSR223Sampler: Problem in JSR223 script JSR223 Sampler, message: javax.script.ScriptException: groovy.lang.MissingPropertyException: No such property: oe_pe for class: Script26
javax.script.ScriptException: groovy.lang.MissingPropertyException: No such property: oe_pe for class: Script26
	at org.codehaus.groovy.jsr223.GroovyScriptEngineImpl.eval(GroovyScriptEngineImpl.java:320) ~[groovy-jsr223-3.0.7.jar:3.0.7]
	at org.codehaus.groovy.jsr223.GroovyCompiledScript.eval(GroovyCompiledScript.java:71) ~[groovy-jsr223-3.0.7.jar:3.0.7]
	at javax.script.CompiledScript.eval(CompiledScript.java:89) ~[java.scripting:?]
	at org.apache.jmeter.util.JSR223TestElement.processFileOrScript(JSR223TestElement.java:217) ~[ApacheJMeter_core.jar:5.4.3]
	at org.apache.jmeter.protocol.java.sampler.JSR223Sampler.sample(JSR223Sampler.java:72) [ApacheJMeter_java.jar:5.4.3]
	at org.apache.jmeter.threads.JMeterThread.doSampling(JMeterThread.java:638) [ApacheJMeter_core.jar:5.4.3]
	at org.apache.jmeter.threads.JMeterThread.executeSamplePackage(JMeterThread.java:558) [ApacheJMeter_core.jar:5.4.3]
	at org.apache.jmeter.threads.JMeterThread.processSampler(JMeterThread.java:489) [ApacheJMeter_core.jar:5.4.3]
	at org.apache.jmeter.threads.JMeterThread.run(JMeterThread.java:256) [ApacheJMeter_core.jar:5.4.3]
	at java.lang.Thread.run(Thread.java:829) [?:?]
Caused by: groovy.lang.MissingPropertyException: No such property: oe_pe for class: Script26
	at org.codehaus.groovy.runtime.ScriptBytecodeAdapter.unwrap(ScriptBytecodeAdapter.java:65) ~[groovy-3.0.7.jar:3.0.7]
	at org.codehaus.groovy.runtime.callsite.PogoGetPropertySite.getProperty(PogoGetPropertySite.java:51) ~[groovy-3.0.7.jar:3.0.7]
	at org.codehaus.groovy.runtime.callsite.AbstractCallSite.callGroovyObjectGetProperty(AbstractCallSite.java:341) ~[groovy-3.0.7.jar:3.0.7]
	at Script26.run(Script26.groovy:1) ~[?:?]
	at org.codehaus.groovy.jsr223.GroovyScriptEngineImpl.eval(GroovyScriptEngineImpl.java:317) ~[groovy-jsr223-3.0.7.jar:3.0.7]
	... 9 more
2022-05-05 12:45:32,429 INFO o.a.j.t.JMeterThread: Thread is done: Thread Group 1-1
2022-05-05 12:45:32,429 INFO o.a.j.t.JMeterThread: Thread finished: Thread Group 1-1
2022-05-05 12:45:32,430 INFO o.a.j.e.StandardJMeterEngine: Notifying test listeners of end of test
2022-05-05 12:45:32,430 INFO o.a.j.s.FileServer: Close: CartSync_FullOrder.csv
2022-05-05 12:45:32,431 INFO o.a.j.s.FileServer: Close: CartSync_user.csv
2022-05-05 12:45:32,432 INFO o.a.j.g.u.JMeterMenuBar: setRunning(false, *local*)
2022-05-05 12:46:07,452 INFO o.a.j.e.StandardJMeterEngine: Running the test!
2022-05-05 12:46:07,453 INFO o.a.j.s.SampleEvent: List of sample_variables: []
2022-05-05 12:46:07,468 WARN o.a.j.f.CSVRead: StandardJMeterEngine - can't parse column number: StandardJMeterEngine java.lang.NumberFormatException: For input string: "StandardJMeterEngine"
2022-05-05 12:46:07,468 INFO o.a.j.g.u.JMeterMenuBar: setRunning(true, *local*)
2022-05-05 12:46:07,488 INFO o.a.j.e.StandardJMeterEngine: Starting ThreadGroup: 1 : Thread Group
2022-05-05 12:46:07,488 INFO o.a.j.e.StandardJMeterEngine: Starting 1 threads for group Thread Group.
2022-05-05 12:46:07,488 INFO o.a.j.e.StandardJMeterEngine: Thread will continue on error
2022-05-05 12:46:07,489 INFO o.a.j.t.ThreadGroup: Starting thread group... number=1 threads=1 ramp-up=1 delayedStart=false
2022-05-05 12:46:07,493 INFO o.a.j.t.ThreadGroup: Started thread group number 1
2022-05-05 12:46:07,493 INFO o.a.j.e.StandardJMeterEngine: All thread groups have been started
2022-05-05 12:46:07,502 INFO o.a.j.t.JMeterThread: Thread started: Thread Group 1-1
2022-05-05 12:46:07,503 INFO o.a.j.s.FileServer: Stored: CartSync_user.csv
2022-05-05 12:46:07,524 INFO o.a.j.s.FileServer: Stored: CartSync_FullOrder.csv
2022-05-05 12:46:07,639 INFO o.a.j.f.FileWrapper: Attaching CartSync_user1.csv
2022-05-05 12:46:07,639 INFO o.a.j.f.FileWrapper: Opening CartSync_user1.csv as CartSync_user1.csv
2022-05-05 12:46:07,639 INFO o.a.j.s.FileServer: Stored: CartSync_user1.csv
2022-05-05 12:46:07,648 INFO o.a.j.f.FileWrapper: Saved CartSync_user1.csv as CartSync_user1.csv delimiter=<,>
2022-05-05 12:46:07,648 INFO o.a.j.f.FileWrapper: Stored CartSync_user1.csv as CartSync_user1.csv
2022-05-05 12:46:28,331 ERROR o.a.j.p.j.s.JSR223Sampler: Problem in JSR223 script JSR223 Sampler, message: javax.script.ScriptException: org.codehaus.groovy.control.MultipleCompilationErrorsException: startup failed:
Script31.groovy: 1: Unexpected input: '"-"  16 )' @ line 1, column 98.
   ccount "  2052039213  "-"  16 )
                                 ^

1 error

javax.script.ScriptException: org.codehaus.groovy.control.MultipleCompilationErrorsException: startup failed:
Script31.groovy: 1: Unexpected input: '"-"  16 )' @ line 1, column 98.
   ccount "  2052039213  "-"  16 )
                                 ^

1 error

	at org.codehaus.groovy.jsr223.GroovyScriptEngineImpl.compile(GroovyScriptEngineImpl.java:183) ~[groovy-jsr223-3.0.7.jar:3.0.7]
	at org.apache.jmeter.util.JSR223TestElement.processFileOrScript(JSR223TestElement.java:211) ~[ApacheJMeter_core.jar:5.4.3]
	at org.apache.jmeter.protocol.java.sampler.JSR223Sampler.sample(JSR223Sampler.java:72) [ApacheJMeter_java.jar:5.4.3]
	at org.apache.jmeter.threads.JMeterThread.doSampling(JMeterThread.java:638) [ApacheJMeter_core.jar:5.4.3]
	at org.apache.jmeter.threads.JMeterThread.executeSamplePackage(JMeterThread.java:558) [ApacheJMeter_core.jar:5.4.3]
	at org.apache.jmeter.threads.JMeterThread.processSampler(JMeterThread.java:489) [ApacheJMeter_core.jar:5.4.3]
	at org.apache.jmeter.threads.JMeterThread.run(JMeterThread.java:256) [ApacheJMeter_core.jar:5.4.3]
	at java.lang.Thread.run(Thread.java:829) [?:?]
Caused by: org.codehaus.groovy.control.MultipleCompilationErrorsException: startup failed:
Script31.groovy: 1: Unexpected input: '"-"  16 )' @ line 1, column 98.
   ccount "  2052039213  "-"  16 )
                                 ^

1 error

	at org.codehaus.groovy.control.ErrorCollector.failIfErrors(ErrorCollector.java:295) ~[groovy-3.0.7.jar:3.0.7]
	at org.codehaus.groovy.control.ErrorCollector.addFatalError(ErrorCollector.java:151) ~[groovy-3.0.7.jar:3.0.7]
	at org.apache.groovy.parser.antlr4.AstBuilder.collectSyntaxError(AstBuilder.java:4582) ~[groovy-3.0.7.jar:3.0.7]
	at org.apache.groovy.parser.antlr4.AstBuilder.access$000(AstBuilder.java:341) ~[groovy-3.0.7.jar:3.0.7]
	at org.apache.groovy.parser.antlr4.AstBuilder$1.syntaxError(AstBuilder.java:4597) ~[groovy-3.0.7.jar:3.0.7]
	at groovyjarjarantlr4.v4.runtime.ProxyErrorListener.syntaxError(ProxyErrorListener.java:44) ~[groovy-3.0.7.jar:3.0.7]
	at groovyjarjarantlr4.v4.runtime.Parser.notifyErrorListeners(Parser.java:543) ~[groovy-3.0.7.jar:3.0.7]
	at groovyjarjarantlr4.v4.runtime.DefaultErrorStrategy.notifyErrorListeners(DefaultErrorStrategy.java:154) ~[groovy-3.0.7.jar:3.0.7]
	at org.apache.groovy.parser.antlr4.internal.DescriptiveErrorStrategy.reportNoViableAlternative(DescriptiveErrorStrategy.java:92) ~[groovy-3.0.7.jar:3.0.7]
	at groovyjarjarantlr4.v4.runtime.DefaultErrorStrategy.reportError(DefaultErrorStrategy.java:139) ~[groovy-3.0.7.jar:3.0.7]
	at org.apache.groovy.parser.antlr4.GroovyParser.commandArgument(GroovyParser.java:9417) ~[groovy-3.0.7.jar:3.0.7]
	at org.apache.groovy.parser.antlr4.GroovyParser.commandExpression(GroovyParser.java:9323) ~[groovy-3.0.7.jar:3.0.7]
	at org.apache.groovy.parser.antlr4.GroovyParser.statementExpression(GroovyParser.java:8065) ~[groovy-3.0.7.jar:3.0.7]
	at org.apache.groovy.parser.antlr4.GroovyParser.statement(GroovyParser.java:6913) ~[groovy-3.0.7.jar:3.0.7]
	at org.apache.groovy.parser.antlr4.GroovyParser.scriptStatement(GroovyParser.java:514) ~[groovy-3.0.7.jar:3.0.7]
	at org.apache.groovy.parser.antlr4.GroovyParser.scriptStatements(GroovyParser.java:410) ~[groovy-3.0.7.jar:3.0.7]
	at org.apache.groovy.parser.antlr4.GroovyParser.compilationUnit(GroovyParser.java:357) ~[groovy-3.0.7.jar:3.0.7]
	at org.apache.groovy.parser.antlr4.AstBuilder.buildCST(AstBuilder.java:405) ~[groovy-3.0.7.jar:3.0.7]
	at org.apache.groovy.parser.antlr4.AstBuilder.buildCST(AstBuilder.java:384) ~[groovy-3.0.7.jar:3.0.7]
	at org.apache.groovy.parser.antlr4.AstBuilder.buildAST(AstBuilder.java:424) ~[groovy-3.0.7.jar:3.0.7]
	at org.apache.groovy.parser.antlr4.Antlr4ParserPlugin.buildAST(Antlr4ParserPlugin.java:58) ~[groovy-3.0.7.jar:3.0.7]
	at org.codehaus.groovy.control.SourceUnit.buildAST(SourceUnit.java:257) ~[groovy-3.0.7.jar:3.0.7]
	at java.util.Iterator.forEachRemaining(Iterator.java:133) ~[?:?]
	at java.util.Spliterators$IteratorSpliterator.forEachRemaining(Spliterators.java:1801) ~[?:?]
	at java.util.stream.ReferencePipeline$Head.forEach(ReferencePipeline.java:658) ~[?:?]
	at org.codehaus.groovy.control.CompilationUnit.buildASTs(CompilationUnit.java:666) ~[groovy-3.0.7.jar:3.0.7]
	at org.codehaus.groovy.control.CompilationUnit.compile(CompilationUnit.java:632) ~[groovy-3.0.7.jar:3.0.7]
	at groovy.lang.GroovyClassLoader.doParseClass(GroovyClassLoader.java:389) ~[groovy-3.0.7.jar:3.0.7]
	at groovy.lang.GroovyClassLoader.lambda$parseClass$3(GroovyClassLoader.java:332) ~[groovy-3.0.7.jar:3.0.7]
	at org.codehaus.groovy.runtime.memoize.StampedCommonCache.compute(StampedCommonCache.java:163) ~[groovy-3.0.7.jar:3.0.7]
	at org.codehaus.groovy.runtime.memoize.StampedCommonCache.getAndPut(StampedCommonCache.java:154) ~[groovy-3.0.7.jar:3.0.7]
	at groovy.lang.GroovyClassLoader.parseClass(GroovyClassLoader.java:330) ~[groovy-3.0.7.jar:3.0.7]
	at groovy.lang.GroovyClassLoader.parseClass(GroovyClassLoader.java:314) ~[groovy-3.0.7.jar:3.0.7]
	at groovy.lang.GroovyClassLoader.parseClass(GroovyClassLoader.java:257) ~[groovy-3.0.7.jar:3.0.7]
	at org.codehaus.groovy.jsr223.GroovyScriptEngineImpl.getScriptClass(GroovyScriptEngineImpl.java:336) ~[groovy-jsr223-3.0.7.jar:3.0.7]
	at org.codehaus.groovy.jsr223.GroovyScriptEngineImpl.compile(GroovyScriptEngineImpl.java:181) ~[groovy-jsr223-3.0.7.jar:3.0.7]
	... 7 more
2022-05-05 12:46:28,333 INFO o.a.j.t.JMeterThread: Thread is done: Thread Group 1-1
2022-05-05 12:46:28,333 INFO o.a.j.t.JMeterThread: Thread finished: Thread Group 1-1
2022-05-05 12:46:28,334 INFO o.a.j.e.StandardJMeterEngine: Notifying test listeners of end of test
2022-05-05 12:46:28,334 INFO o.a.j.s.FileServer: Close: CartSync_FullOrder.csv
2022-05-05 12:46:28,335 INFO o.a.j.s.FileServer: Close: CartSync_user.csv
2022-05-05 12:46:28,337 INFO o.a.j.g.u.JMeterMenuBar: setRunning(false, *local*)
2022-05-05 12:50:47,162 INFO o.a.j.e.StandardJMeterEngine: Running the test!
2022-05-05 12:50:47,167 INFO o.a.j.s.SampleEvent: List of sample_variables: []
2022-05-05 12:50:47,174 WARN o.a.j.f.CSVRead: StandardJMeterEngine - can't parse column number: StandardJMeterEngine java.lang.NumberFormatException: For input string: "StandardJMeterEngine"
2022-05-05 12:50:47,174 INFO o.a.j.g.u.JMeterMenuBar: setRunning(true, *local*)
2022-05-05 12:50:47,224 INFO o.a.j.e.StandardJMeterEngine: Starting ThreadGroup: 1 : Thread Group
2022-05-05 12:50:47,225 INFO o.a.j.e.StandardJMeterEngine: Starting 1 threads for group Thread Group.
2022-05-05 12:50:47,225 INFO o.a.j.e.StandardJMeterEngine: Thread will continue on error
2022-05-05 12:50:47,225 INFO o.a.j.t.ThreadGroup: Starting thread group... number=1 threads=1 ramp-up=1 delayedStart=false
2022-05-05 12:50:47,228 INFO o.a.j.t.ThreadGroup: Started thread group number 1
2022-05-05 12:50:47,228 INFO o.a.j.e.StandardJMeterEngine: All thread groups have been started
2022-05-05 12:50:47,246 INFO o.a.j.t.JMeterThread: Thread started: Thread Group 1-1
2022-05-05 12:50:47,247 INFO o.a.j.s.FileServer: Stored: CartSync_user.csv
2022-05-05 12:50:47,257 INFO o.a.j.s.FileServer: Stored: CartSync_FullOrder.csv
2022-05-05 12:50:47,359 INFO o.a.j.f.FileWrapper: Attaching CartSync_user1.csv
2022-05-05 12:50:47,359 INFO o.a.j.f.FileWrapper: Opening CartSync_user1.csv as CartSync_user1.csv
2022-05-05 12:50:47,359 INFO o.a.j.s.FileServer: Stored: CartSync_user1.csv
2022-05-05 12:50:47,374 INFO o.a.j.f.FileWrapper: Saved CartSync_user1.csv as CartSync_user1.csv delimiter=<,>
2022-05-05 12:50:47,375 INFO o.a.j.f.FileWrapper: Stored CartSync_user1.csv as CartSync_user1.csv
2022-05-05 12:51:05,481 ERROR o.a.j.p.j.s.JSR223Sampler: Problem in JSR223 script JSR223 Sampler, message: javax.script.ScriptException: groovy.lang.MissingPropertyException: No such property: oe_pe for class: Script36
javax.script.ScriptException: groovy.lang.MissingPropertyException: No such property: oe_pe for class: Script36
	at org.codehaus.groovy.jsr223.GroovyScriptEngineImpl.eval(GroovyScriptEngineImpl.java:320) ~[groovy-jsr223-3.0.7.jar:3.0.7]
	at org.codehaus.groovy.jsr223.GroovyCompiledScript.eval(GroovyCompiledScript.java:71) ~[groovy-jsr223-3.0.7.jar:3.0.7]
	at javax.script.CompiledScript.eval(CompiledScript.java:89) ~[java.scripting:?]
	at org.apache.jmeter.util.JSR223TestElement.processFileOrScript(JSR223TestElement.java:217) ~[ApacheJMeter_core.jar:5.4.3]
	at org.apache.jmeter.protocol.java.sampler.JSR223Sampler.sample(JSR223Sampler.java:72) [ApacheJMeter_java.jar:5.4.3]
	at org.apache.jmeter.threads.JMeterThread.doSampling(JMeterThread.java:638) [ApacheJMeter_core.jar:5.4.3]
	at org.apache.jmeter.threads.JMeterThread.executeSamplePackage(JMeterThread.java:558) [ApacheJMeter_core.jar:5.4.3]
	at org.apache.jmeter.threads.JMeterThread.processSampler(JMeterThread.java:489) [ApacheJMeter_core.jar:5.4.3]
	at org.apache.jmeter.threads.JMeterThread.run(JMeterThread.java:256) [ApacheJMeter_core.jar:5.4.3]
	at java.lang.Thread.run(Thread.java:829) [?:?]
Caused by: groovy.lang.MissingPropertyException: No such property: oe_pe for class: Script36
	at org.codehaus.groovy.runtime.ScriptBytecodeAdapter.unwrap(ScriptBytecodeAdapter.java:65) ~[groovy-3.0.7.jar:3.0.7]
	at org.codehaus.groovy.runtime.callsite.PogoGetPropertySite.getProperty(PogoGetPropertySite.java:51) ~[groovy-3.0.7.jar:3.0.7]
	at org.codehaus.groovy.runtime.callsite.AbstractCallSite.callGroovyObjectGetProperty(AbstractCallSite.java:341) ~[groovy-3.0.7.jar:3.0.7]
	at Script36.run(Script36.groovy:1) ~[?:?]
	at org.codehaus.groovy.jsr223.GroovyScriptEngineImpl.eval(GroovyScriptEngineImpl.java:317) ~[groovy-jsr223-3.0.7.jar:3.0.7]
	... 9 more
2022-05-05 12:51:05,482 INFO o.a.j.t.JMeterThread: Thread is done: Thread Group 1-1
2022-05-05 12:51:05,482 INFO o.a.j.t.JMeterThread: Thread finished: Thread Group 1-1
2022-05-05 12:51:05,483 INFO o.a.j.e.StandardJMeterEngine: Notifying test listeners of end of test
2022-05-05 12:51:05,484 INFO o.a.j.s.FileServer: Close: CartSync_FullOrder.csv
2022-05-05 12:51:05,484 INFO o.a.j.s.FileServer: Close: CartSync_user.csv
2022-05-05 12:51:05,485 INFO o.a.j.g.u.JMeterMenuBar: setRunning(false, *local*)
2022-05-05 12:53:43,581 INFO o.a.j.e.StandardJMeterEngine: Running the test!
2022-05-05 12:53:43,582 INFO o.a.j.s.SampleEvent: List of sample_variables: []
2022-05-05 12:53:43,595 WARN o.a.j.f.CSVRead: StandardJMeterEngine - can't parse column number: StandardJMeterEngine java.lang.NumberFormatException: For input string: "StandardJMeterEngine"
2022-05-05 12:53:43,595 INFO o.a.j.g.u.JMeterMenuBar: setRunning(true, *local*)
2022-05-05 12:53:43,641 INFO o.a.j.e.StandardJMeterEngine: Starting ThreadGroup: 1 : Thread Group
2022-05-05 12:53:43,649 INFO o.a.j.e.StandardJMeterEngine: Starting 1 threads for group Thread Group.
2022-05-05 12:53:43,649 INFO o.a.j.e.StandardJMeterEngine: Thread will continue on error
2022-05-05 12:53:43,650 INFO o.a.j.t.ThreadGroup: Starting thread group... number=1 threads=1 ramp-up=1 delayedStart=false
2022-05-05 12:53:43,651 INFO o.a.j.t.ThreadGroup: Started thread group number 1
2022-05-05 12:53:43,651 INFO o.a.j.e.StandardJMeterEngine: All thread groups have been started
2022-05-05 12:53:43,672 INFO o.a.j.t.JMeterThread: Thread started: Thread Group 1-1
2022-05-05 12:53:43,673 INFO o.a.j.s.FileServer: Stored: CartSync_user.csv
2022-05-05 12:53:43,690 INFO o.a.j.s.FileServer: Stored: CartSync_FullOrder.csv
2022-05-05 12:53:43,780 INFO o.a.j.f.FileWrapper: Attaching CartSync_user1.csv
2022-05-05 12:53:43,780 INFO o.a.j.f.FileWrapper: Opening CartSync_user1.csv as CartSync_user1.csv
2022-05-05 12:53:43,780 INFO o.a.j.s.FileServer: Stored: CartSync_user1.csv
2022-05-05 12:53:43,787 INFO o.a.j.f.FileWrapper: Saved CartSync_user1.csv as CartSync_user1.csv delimiter=<,>
2022-05-05 12:53:43,787 INFO o.a.j.f.FileWrapper: Stored CartSync_user1.csv as CartSync_user1.csv
2022-05-05 12:54:06,654 ERROR o.a.j.p.j.s.JSR223Sampler: Problem in JSR223 script JSR223 Sampler, message: javax.script.ScriptException: groovy.lang.MissingPropertyException: No such property: oe_pe for class: Script41
javax.script.ScriptException: groovy.lang.MissingPropertyException: No such property: oe_pe for class: Script41
	at org.codehaus.groovy.jsr223.GroovyScriptEngineImpl.eval(GroovyScriptEngineImpl.java:320) ~[groovy-jsr223-3.0.7.jar:3.0.7]
	at org.codehaus.groovy.jsr223.GroovyCompiledScript.eval(GroovyCompiledScript.java:71) ~[groovy-jsr223-3.0.7.jar:3.0.7]
	at javax.script.CompiledScript.eval(CompiledScript.java:89) ~[java.scripting:?]
	at org.apache.jmeter.util.JSR223TestElement.processFileOrScript(JSR223TestElement.java:217) ~[ApacheJMeter_core.jar:5.4.3]
	at org.apache.jmeter.protocol.java.sampler.JSR223Sampler.sample(JSR223Sampler.java:72) [ApacheJMeter_java.jar:5.4.3]
	at org.apache.jmeter.threads.JMeterThread.doSampling(JMeterThread.java:638) [ApacheJMeter_core.jar:5.4.3]
	at org.apache.jmeter.threads.JMeterThread.executeSamplePackage(JMeterThread.java:558) [ApacheJMeter_core.jar:5.4.3]
	at org.apache.jmeter.threads.JMeterThread.processSampler(JMeterThread.java:489) [ApacheJMeter_core.jar:5.4.3]
	at org.apache.jmeter.threads.JMeterThread.run(JMeterThread.java:256) [ApacheJMeter_core.jar:5.4.3]
	at java.lang.Thread.run(Thread.java:829) [?:?]
Caused by: groovy.lang.MissingPropertyException: No such property: oe_pe for class: Script41
	at org.codehaus.groovy.runtime.ScriptBytecodeAdapter.unwrap(ScriptBytecodeAdapter.java:65) ~[groovy-3.0.7.jar:3.0.7]
	at org.codehaus.groovy.runtime.callsite.PogoGetPropertySite.getProperty(PogoGetPropertySite.java:51) ~[groovy-3.0.7.jar:3.0.7]
	at org.codehaus.groovy.runtime.callsite.AbstractCallSite.callGroovyObjectGetProperty(AbstractCallSite.java:341) ~[groovy-3.0.7.jar:3.0.7]
	at Script41.run(Script41.groovy:1) ~[?:?]
	at org.codehaus.groovy.jsr223.GroovyScriptEngineImpl.eval(GroovyScriptEngineImpl.java:317) ~[groovy-jsr223-3.0.7.jar:3.0.7]
	... 9 more
2022-05-05 12:54:06,656 INFO o.a.j.t.JMeterThread: Thread is done: Thread Group 1-1
2022-05-05 12:54:06,656 INFO o.a.j.t.JMeterThread: Thread finished: Thread Group 1-1
2022-05-05 12:54:06,658 INFO o.a.j.e.StandardJMeterEngine: Notifying test listeners of end of test
2022-05-05 12:54:06,659 INFO o.a.j.s.FileServer: Close: CartSync_FullOrder.csv
2022-05-05 12:54:06,659 INFO o.a.j.s.FileServer: Close: CartSync_user.csv
2022-05-05 12:54:06,660 INFO o.a.j.g.u.JMeterMenuBar: setRunning(false, *local*)
2022-05-05 12:56:23,701 INFO o.a.j.e.StandardJMeterEngine: Running the test!
2022-05-05 12:56:23,702 INFO o.a.j.s.SampleEvent: List of sample_variables: []
2022-05-05 12:56:23,709 WARN o.a.j.f.CSVRead: StandardJMeterEngine - can't parse column number: StandardJMeterEngine java.lang.NumberFormatException: For input string: "StandardJMeterEngine"
2022-05-05 12:56:23,710 WARN o.a.j.f.CSVRead: StandardJMeterEngine - can't parse column number: StandardJMeterEngine java.lang.NumberFormatException: For input string: "StandardJMeterEngine"
2022-05-05 12:56:23,710 INFO o.a.j.g.u.JMeterMenuBar: setRunning(true, *local*)
2022-05-05 12:56:23,756 INFO o.a.j.e.StandardJMeterEngine: Starting ThreadGroup: 1 : Thread Group
2022-05-05 12:56:23,756 INFO o.a.j.e.StandardJMeterEngine: Starting 1 threads for group Thread Group.
2022-05-05 12:56:23,756 INFO o.a.j.e.StandardJMeterEngine: Thread will continue on error
2022-05-05 12:56:23,756 INFO o.a.j.t.ThreadGroup: Starting thread group... number=1 threads=1 ramp-up=1 delayedStart=false
2022-05-05 12:56:23,758 INFO o.a.j.t.ThreadGroup: Started thread group number 1
2022-05-05 12:56:23,758 INFO o.a.j.e.StandardJMeterEngine: All thread groups have been started
2022-05-05 12:56:23,759 INFO o.a.j.t.JMeterThread: Thread started: Thread Group 1-1
2022-05-05 12:56:23,760 INFO o.a.j.s.FileServer: Stored: CartSync_user.csv
2022-05-05 12:56:23,771 INFO o.a.j.s.FileServer: Stored: CartSync_FullOrder.csv
2022-05-05 12:56:23,879 INFO o.a.j.f.FileWrapper: Attaching CartSync_user1.csv
2022-05-05 12:56:23,880 INFO o.a.j.f.FileWrapper: Opening CartSync_user1.csv as CartSync_user1.csv
2022-05-05 12:56:23,880 INFO o.a.j.s.FileServer: Stored: CartSync_user1.csv
2022-05-05 12:56:23,898 INFO o.a.j.f.FileWrapper: Saved CartSync_user1.csv as CartSync_user1.csv delimiter=<,>
2022-05-05 12:56:23,898 INFO o.a.j.f.FileWrapper: Stored CartSync_user1.csv as CartSync_user1.csv
2022-05-05 12:56:40,596 ERROR o.a.j.p.j.s.JSR223Sampler: Problem in JSR223 script JSR223 Sampler, message: javax.script.ScriptException: groovy.lang.MissingPropertyException: No such property: oe_pe for class: Script46
javax.script.ScriptException: groovy.lang.MissingPropertyException: No such property: oe_pe for class: Script46
	at org.codehaus.groovy.jsr223.GroovyScriptEngineImpl.eval(GroovyScriptEngineImpl.java:320) ~[groovy-jsr223-3.0.7.jar:3.0.7]
	at org.codehaus.groovy.jsr223.GroovyCompiledScript.eval(GroovyCompiledScript.java:71) ~[groovy-jsr223-3.0.7.jar:3.0.7]
	at javax.script.CompiledScript.eval(CompiledScript.java:89) ~[java.scripting:?]
	at org.apache.jmeter.util.JSR223TestElement.processFileOrScript(JSR223TestElement.java:217) ~[ApacheJMeter_core.jar:5.4.3]
	at org.apache.jmeter.protocol.java.sampler.JSR223Sampler.sample(JSR223Sampler.java:72) [ApacheJMeter_java.jar:5.4.3]
	at org.apache.jmeter.threads.JMeterThread.doSampling(JMeterThread.java:638) [ApacheJMeter_core.jar:5.4.3]
	at org.apache.jmeter.threads.JMeterThread.executeSamplePackage(JMeterThread.java:558) [ApacheJMeter_core.jar:5.4.3]
	at org.apache.jmeter.threads.JMeterThread.processSampler(JMeterThread.java:489) [ApacheJMeter_core.jar:5.4.3]
	at org.apache.jmeter.threads.JMeterThread.run(JMeterThread.java:256) [ApacheJMeter_core.jar:5.4.3]
	at java.lang.Thread.run(Thread.java:829) [?:?]
Caused by: groovy.lang.MissingPropertyException: No such property: oe_pe for class: Script46
	at org.codehaus.groovy.runtime.ScriptBytecodeAdapter.unwrap(ScriptBytecodeAdapter.java:65) ~[groovy-3.0.7.jar:3.0.7]
	at org.codehaus.groovy.runtime.callsite.PogoGetPropertySite.getProperty(PogoGetPropertySite.java:51) ~[groovy-3.0.7.jar:3.0.7]
	at org.codehaus.groovy.runtime.callsite.AbstractCallSite.callGroovyObjectGetProperty(AbstractCallSite.java:341) ~[groovy-3.0.7.jar:3.0.7]
	at Script46.run(Script46.groovy:3) ~[?:?]
	at org.codehaus.groovy.jsr223.GroovyScriptEngineImpl.eval(GroovyScriptEngineImpl.java:317) ~[groovy-jsr223-3.0.7.jar:3.0.7]
	... 9 more
2022-05-05 12:56:40,598 INFO o.a.j.t.JMeterThread: Thread is done: Thread Group 1-1
2022-05-05 12:56:40,598 INFO o.a.j.t.JMeterThread: Thread finished: Thread Group 1-1
2022-05-05 12:56:40,599 INFO o.a.j.e.StandardJMeterEngine: Notifying test listeners of end of test
2022-05-05 12:56:40,599 INFO o.a.j.s.FileServer: Close: CartSync_FullOrder.csv
2022-05-05 12:56:40,600 INFO o.a.j.s.FileServer: Close: CartSync_user.csv
2022-05-05 12:56:40,600 INFO o.a.j.g.u.JMeterMenuBar: setRunning(false, *local*)
2022-05-05 12:57:44,754 INFO o.a.j.e.StandardJMeterEngine: Running the test!
2022-05-05 12:57:44,755 INFO o.a.j.s.SampleEvent: List of sample_variables: []
2022-05-05 12:57:44,763 WARN o.a.j.f.CSVRead: StandardJMeterEngine - can't parse column number: StandardJMeterEngine java.lang.NumberFormatException: For input string: "StandardJMeterEngine"
2022-05-05 12:57:44,763 WARN o.a.j.f.CSVRead: StandardJMeterEngine - can't parse column number: StandardJMeterEngine java.lang.NumberFormatException: For input string: "StandardJMeterEngine"
2022-05-05 12:57:44,764 INFO o.a.j.g.u.JMeterMenuBar: setRunning(true, *local*)
2022-05-05 12:57:44,807 INFO o.a.j.e.StandardJMeterEngine: Starting ThreadGroup: 1 : Thread Group
2022-05-05 12:57:44,808 INFO o.a.j.e.StandardJMeterEngine: Starting 1 threads for group Thread Group.
2022-05-05 12:57:44,808 INFO o.a.j.e.StandardJMeterEngine: Thread will continue on error
2022-05-05 12:57:44,808 INFO o.a.j.t.ThreadGroup: Starting thread group... number=1 threads=1 ramp-up=1 delayedStart=false
2022-05-05 12:57:44,810 INFO o.a.j.t.ThreadGroup: Started thread group number 1
2022-05-05 12:57:44,810 INFO o.a.j.e.StandardJMeterEngine: All thread groups have been started
2022-05-05 12:57:44,813 INFO o.a.j.t.JMeterThread: Thread started: Thread Group 1-1
2022-05-05 12:57:44,814 INFO o.a.j.s.FileServer: Stored: CartSync_user.csv
2022-05-05 12:57:44,819 INFO o.a.j.s.FileServer: Stored: CartSync_FullOrder.csv
2022-05-05 12:57:44,913 INFO o.a.j.f.FileWrapper: Attaching CartSync_user1.csv
2022-05-05 12:57:44,913 INFO o.a.j.f.FileWrapper: Opening CartSync_user1.csv as CartSync_user1.csv
2022-05-05 12:57:44,914 INFO o.a.j.s.FileServer: Stored: CartSync_user1.csv
2022-05-05 12:57:44,920 INFO o.a.j.f.FileWrapper: Saved CartSync_user1.csv as CartSync_user1.csv delimiter=<,>
2022-05-05 12:57:44,920 INFO o.a.j.f.FileWrapper: Stored CartSync_user1.csv as CartSync_user1.csv
2022-05-05 12:58:08,236 INFO o.a.j.p.j.s.J.JSR223 Sampler: Create orders for user  oe_pe.user011  ,iteration : 1 ,account  16-2052039213  
2022-05-05 12:58:08,236 INFO o.a.j.t.JMeterThread: Thread is done: Thread Group 1-1
2022-05-05 12:58:08,236 INFO o.a.j.t.JMeterThread: Thread finished: Thread Group 1-1
2022-05-05 12:58:08,237 INFO o.a.j.e.StandardJMeterEngine: Notifying test listeners of end of test
2022-05-05 12:58:08,238 INFO o.a.j.s.FileServer: Close: CartSync_FullOrder.csv
2022-05-05 12:58:08,238 INFO o.a.j.s.FileServer: Close: CartSync_user.csv
2022-05-05 12:58:08,239 INFO o.a.j.g.u.JMeterMenuBar: setRunning(false, *local*)
2022-05-05 12:58:36,284 INFO o.a.j.e.StandardJMeterEngine: Running the test!
2022-05-05 12:58:36,284 INFO o.a.j.s.SampleEvent: List of sample_variables: []
2022-05-05 12:58:36,292 WARN o.a.j.f.CSVRead: StandardJMeterEngine - can't parse column number: StandardJMeterEngine java.lang.NumberFormatException: For input string: "StandardJMeterEngine"
2022-05-05 12:58:36,293 WARN o.a.j.f.CSVRead: StandardJMeterEngine - can't parse column number: StandardJMeterEngine java.lang.NumberFormatException: For input string: "StandardJMeterEngine"
2022-05-05 12:58:36,293 INFO o.a.j.g.u.JMeterMenuBar: setRunning(true, *local*)
2022-05-05 12:58:36,340 INFO o.a.j.e.StandardJMeterEngine: Starting ThreadGroup: 1 : Thread Group
2022-05-05 12:58:36,341 INFO o.a.j.e.StandardJMeterEngine: Starting 1 threads for group Thread Group.
2022-05-05 12:58:36,341 INFO o.a.j.e.StandardJMeterEngine: Thread will continue on error
2022-05-05 12:58:36,343 INFO o.a.j.t.ThreadGroup: Starting thread group... number=1 threads=1 ramp-up=1 delayedStart=false
2022-05-05 12:58:36,345 INFO o.a.j.t.ThreadGroup: Started thread group number 1
2022-05-05 12:58:36,345 INFO o.a.j.e.StandardJMeterEngine: All thread groups have been started
2022-05-05 12:58:36,352 INFO o.a.j.t.JMeterThread: Thread started: Thread Group 1-1
2022-05-05 12:58:36,354 INFO o.a.j.s.FileServer: Stored: CartSync_user.csv
2022-05-05 12:58:36,410 INFO o.a.j.s.FileServer: Stored: CartSync_FullOrder.csv
2022-05-05 12:58:36,495 INFO o.a.j.f.FileWrapper: Attaching CartSync_user1.csv
2022-05-05 12:58:36,495 INFO o.a.j.f.FileWrapper: Opening CartSync_user1.csv as CartSync_user1.csv
2022-05-05 12:58:36,496 INFO o.a.j.s.FileServer: Stored: CartSync_user1.csv
2022-05-05 12:58:36,501 INFO o.a.j.f.FileWrapper: Saved CartSync_user1.csv as CartSync_user1.csv delimiter=<,>
2022-05-05 12:58:36,501 INFO o.a.j.f.FileWrapper: Stored CartSync_user1.csv as CartSync_user1.csv
2022-05-05 12:58:55,044 INFO o.a.j.t.JMeterThread: Thread is done: Thread Group 1-1
2022-05-05 12:58:55,044 INFO o.a.j.t.JMeterThread: Thread finished: Thread Group 1-1
2022-05-05 12:58:55,046 INFO o.a.j.e.StandardJMeterEngine: Notifying test listeners of end of test
2022-05-05 12:58:55,046 INFO o.a.j.s.FileServer: Close: CartSync_FullOrder.csv
2022-05-05 12:58:55,047 INFO o.a.j.s.FileServer: Close: CartSync_user.csv
2022-05-05 12:58:55,048 INFO o.a.j.g.u.JMeterMenuBar: setRunning(false, *local*)
2022-05-05 13:00:24,517 INFO o.a.j.e.StandardJMeterEngine: Running the test!
2022-05-05 13:00:24,518 INFO o.a.j.s.SampleEvent: List of sample_variables: []
2022-05-05 13:00:24,527 WARN o.a.j.f.CSVRead: StandardJMeterEngine - can't parse column number: StandardJMeterEngine java.lang.NumberFormatException: For input string: "StandardJMeterEngine"
2022-05-05 13:00:24,527 WARN o.a.j.f.CSVRead: StandardJMeterEngine - can't parse column number: StandardJMeterEngine java.lang.NumberFormatException: For input string: "StandardJMeterEngine"
2022-05-05 13:00:24,527 INFO o.a.j.g.u.JMeterMenuBar: setRunning(true, *local*)
2022-05-05 13:00:24,639 INFO o.a.j.e.StandardJMeterEngine: Starting ThreadGroup: 1 : Thread Group
2022-05-05 13:00:24,639 INFO o.a.j.e.StandardJMeterEngine: Starting 1 threads for group Thread Group.
2022-05-05 13:00:24,639 INFO o.a.j.e.StandardJMeterEngine: Thread will continue on error
2022-05-05 13:00:24,639 INFO o.a.j.t.ThreadGroup: Starting thread group... number=1 threads=1 ramp-up=1 delayedStart=false
2022-05-05 13:00:24,642 INFO o.a.j.t.ThreadGroup: Started thread group number 1
2022-05-05 13:00:24,642 INFO o.a.j.e.StandardJMeterEngine: All thread groups have been started
2022-05-05 13:00:24,643 INFO o.a.j.t.JMeterThread: Thread started: Thread Group 1-1
2022-05-05 13:00:24,644 INFO o.a.j.s.FileServer: Stored: CartSync_user.csv
2022-05-05 13:00:24,653 INFO o.a.j.s.FileServer: Stored: CartSync_FullOrder.csv
2022-05-05 13:00:24,743 INFO o.a.j.f.FileWrapper: Attaching CartSync_user1.csv
2022-05-05 13:00:24,743 INFO o.a.j.f.FileWrapper: Opening CartSync_user1.csv as CartSync_user1.csv
2022-05-05 13:00:24,743 INFO o.a.j.s.FileServer: Stored: CartSync_user1.csv
2022-05-05 13:00:24,751 INFO o.a.j.f.FileWrapper: Saved CartSync_user1.csv as CartSync_user1.csv delimiter=<,>
2022-05-05 13:00:24,752 INFO o.a.j.f.FileWrapper: Stored CartSync_user1.csv as CartSync_user1.csv
2022-05-05 13:00:42,874 INFO o.a.j.t.JMeterThread: Thread is done: Thread Group 1-1
2022-05-05 13:00:42,874 INFO o.a.j.t.JMeterThread: Thread finished: Thread Group 1-1
2022-05-05 13:00:42,875 INFO o.a.j.e.StandardJMeterEngine: Notifying test listeners of end of test
2022-05-05 13:00:42,875 INFO o.a.j.s.FileServer: Close: CartSync_FullOrder.csv
2022-05-05 13:00:42,876 INFO o.a.j.s.FileServer: Close: CartSync_user.csv
2022-05-05 13:00:42,876 INFO o.a.j.g.u.JMeterMenuBar: setRunning(false, *local*)
2022-05-05 13:02:49,067 INFO o.a.j.e.StandardJMeterEngine: Running the test!
2022-05-05 13:02:49,068 INFO o.a.j.s.SampleEvent: List of sample_variables: []
2022-05-05 13:02:49,078 WARN o.a.j.f.CSVRead: StandardJMeterEngine - can't parse column number: StandardJMeterEngine java.lang.NumberFormatException: For input string: "StandardJMeterEngine"
2022-05-05 13:02:49,078 WARN o.a.j.f.CSVRead: StandardJMeterEngine - can't parse column number: StandardJMeterEngine java.lang.NumberFormatException: For input string: "StandardJMeterEngine"
2022-05-05 13:02:49,079 INFO o.a.j.g.u.JMeterMenuBar: setRunning(true, *local*)
2022-05-05 13:02:49,106 INFO o.a.j.e.StandardJMeterEngine: Starting ThreadGroup: 1 : Thread Group
2022-05-05 13:02:49,107 INFO o.a.j.e.StandardJMeterEngine: Starting 1 threads for group Thread Group.
2022-05-05 13:02:49,107 INFO o.a.j.e.StandardJMeterEngine: Thread will continue on error
2022-05-05 13:02:49,107 INFO o.a.j.t.ThreadGroup: Starting thread group... number=1 threads=1 ramp-up=1 delayedStart=false
2022-05-05 13:02:49,109 INFO o.a.j.t.ThreadGroup: Started thread group number 1
2022-05-05 13:02:49,109 INFO o.a.j.e.StandardJMeterEngine: All thread groups have been started
2022-05-05 13:02:49,110 INFO o.a.j.t.JMeterThread: Thread started: Thread Group 1-1
2022-05-05 13:02:49,112 INFO o.a.j.s.FileServer: Stored: CartSync_user.csv
2022-05-05 13:02:49,121 INFO o.a.j.s.FileServer: Stored: CartSync_FullOrder.csv
2022-05-05 13:02:49,255 INFO o.a.j.f.FileWrapper: Attaching CartSync_user1.csv
2022-05-05 13:02:49,256 INFO o.a.j.f.FileWrapper: Opening CartSync_user1.csv as CartSync_user1.csv
2022-05-05 13:02:49,256 INFO o.a.j.s.FileServer: Stored: CartSync_user1.csv
2022-05-05 13:02:49,261 INFO o.a.j.f.FileWrapper: Saved CartSync_user1.csv as CartSync_user1.csv delimiter=<,>
2022-05-05 13:02:49,261 INFO o.a.j.f.FileWrapper: Stored CartSync_user1.csv as CartSync_user1.csv
2022-05-05 13:03:08,679 INFO o.a.j.t.JMeterThread: Thread is done: Thread Group 1-1
2022-05-05 13:03:08,680 INFO o.a.j.t.JMeterThread: Thread finished: Thread Group 1-1
2022-05-05 13:03:08,680 INFO o.a.j.e.StandardJMeterEngine: Notifying test listeners of end of test
2022-05-05 13:03:08,681 INFO o.a.j.s.FileServer: Close: CartSync_FullOrder.csv
2022-05-05 13:03:08,681 INFO o.a.j.s.FileServer: Close: CartSync_user.csv
2022-05-05 13:03:08,682 INFO o.a.j.g.u.JMeterMenuBar: setRunning(false, *local*)
2022-05-05 13:04:35,067 INFO o.a.j.e.StandardJMeterEngine: Running the test!
2022-05-05 13:04:35,067 INFO o.a.j.s.SampleEvent: List of sample_variables: []
2022-05-05 13:04:35,073 WARN o.a.j.f.CSVRead: StandardJMeterEngine - can't parse column number: StandardJMeterEngine java.lang.NumberFormatException: For input string: "StandardJMeterEngine"
2022-05-05 13:04:35,073 WARN o.a.j.f.CSVRead: StandardJMeterEngine - can't parse column number: StandardJMeterEngine java.lang.NumberFormatException: For input string: "StandardJMeterEngine"
2022-05-05 13:04:35,074 INFO o.a.j.g.u.JMeterMenuBar: setRunning(true, *local*)
2022-05-05 13:04:35,115 INFO o.a.j.e.StandardJMeterEngine: Starting ThreadGroup: 1 : Thread Group
2022-05-05 13:04:35,116 INFO o.a.j.e.StandardJMeterEngine: Starting 1 threads for group Thread Group.
2022-05-05 13:04:35,116 INFO o.a.j.e.StandardJMeterEngine: Thread will continue on error
2022-05-05 13:04:35,116 INFO o.a.j.t.ThreadGroup: Starting thread group... number=1 threads=1 ramp-up=1 delayedStart=false
2022-05-05 13:04:35,118 INFO o.a.j.t.ThreadGroup: Started thread group number 1
2022-05-05 13:04:35,118 INFO o.a.j.e.StandardJMeterEngine: All thread groups have been started
2022-05-05 13:04:35,123 INFO o.a.j.t.JMeterThread: Thread started: Thread Group 1-1
2022-05-05 13:04:35,124 INFO o.a.j.s.FileServer: Stored: CartSync_user.csv
2022-05-05 13:04:35,136 INFO o.a.j.s.FileServer: Stored: CartSync_FullOrder.csv
2022-05-05 13:04:35,233 INFO o.a.j.f.FileWrapper: Attaching CartSync_user1.csv
2022-05-05 13:04:35,233 INFO o.a.j.f.FileWrapper: Opening CartSync_user1.csv as CartSync_user1.csv
2022-05-05 13:04:35,233 INFO o.a.j.s.FileServer: Stored: CartSync_user1.csv
2022-05-05 13:04:35,238 INFO o.a.j.f.FileWrapper: Saved CartSync_user1.csv as CartSync_user1.csv delimiter=<,>
2022-05-05 13:04:35,238 INFO o.a.j.f.FileWrapper: Stored CartSync_user1.csv as CartSync_user1.csv
2022-05-05 13:04:54,778 INFO o.a.j.p.j.s.J.JSR223 Sampler: Create orders for user  oe_pe.user011  ,iteration : 1 ,account  16-2052039213  
2022-05-05 13:04:54,778 INFO o.a.j.t.JMeterThread: Thread is done: Thread Group 1-1
2022-05-05 13:04:54,778 INFO o.a.j.t.JMeterThread: Thread finished: Thread Group 1-1
2022-05-05 13:04:54,782 INFO o.a.j.e.StandardJMeterEngine: Notifying test listeners of end of test
2022-05-05 13:04:54,782 INFO o.a.j.s.FileServer: Close: CartSync_FullOrder.csv
2022-05-05 13:04:54,782 INFO o.a.j.s.FileServer: Close: CartSync_user.csv
2022-05-05 13:04:54,783 INFO o.a.j.g.u.JMeterMenuBar: setRunning(false, *local*)
