2022-05-10 19:10:25,478 INFO o.a.j.u.JMeterUtils: Setting Locale to en_EN
2022-05-10 19:10:25,550 INFO o.a.j.JMeter: Loading user properties from: D:\apache-jmeter-5.4.3\apache-jmeter-5.4.3\bin\user.properties
2022-05-10 19:10:25,566 INFO o.a.j.JMeter: Loading system properties from: D:\apache-jmeter-5.4.3\apache-jmeter-5.4.3\bin\system.properties
2022-05-10 19:10:25,589 INFO o.a.j.JMeter: Copyright (c) 1998-2021 The Apache Software Foundation
2022-05-10 19:10:25,590 INFO o.a.j.JMeter: Version 5.4.3
2022-05-10 19:10:25,590 INFO o.a.j.JMeter: java.version=11.0.14.1
2022-05-10 19:10:25,590 INFO o.a.j.JMeter: java.vm.name=OpenJDK 64-Bit Server VM
2022-05-10 19:10:25,590 INFO o.a.j.JMeter: os.name=Windows 10
2022-05-10 19:10:25,590 INFO o.a.j.JMeter: os.arch=amd64
2022-05-10 19:10:25,590 INFO o.a.j.JMeter: os.version=10.0
2022-05-10 19:10:25,590 INFO o.a.j.JMeter: file.encoding=Cp1252
2022-05-10 19:10:25,591 INFO o.a.j.JMeter: java.awt.headless=null
2022-05-10 19:10:25,591 INFO o.a.j.JMeter: Max memory     =1073741824
2022-05-10 19:10:25,591 INFO o.a.j.JMeter: Available Processors =4
2022-05-10 19:10:25,617 INFO o.a.j.JMeter: Default Locale=English (EN)
2022-05-10 19:10:25,618 INFO o.a.j.JMeter: JMeter  Locale=English (EN)
2022-05-10 19:10:25,618 INFO o.a.j.JMeter: JMeterHome=D:\apache-jmeter-5.4.3\apache-jmeter-5.4.3
2022-05-10 19:10:25,618 INFO o.a.j.JMeter: user.dir  =D:\Users\sameer.khan\Desktop\OE Mobile App\Jmeter Scripts\UserAPI
2022-05-10 19:10:25,619 INFO o.a.j.JMeter: PWD       =D:\Users\sameer.khan\Desktop\OE Mobile App\Jmeter Scripts\UserAPI
2022-05-10 19:10:25,620 INFO o.a.j.JMeter: IP: 10.32.28.136 Name: DESKTOP-O7G7T12 FullName: DESKTOP-O7G7T12.cardinalhealth.net
2022-05-10 19:10:26,119 INFO o.a.j.JMeter: Setting LAF to: laf:javax.swing.plaf.metal.MetalLookAndFeel
2022-05-10 19:10:26,664 INFO o.a.j.JMeter: Loaded icon properties from org/apache/jmeter/images/icon.properties
2022-05-10 19:10:32,518 WARN o.j.r.PluginManager: Found JAR conflict: D:\apache-jmeter-5.4.3\apache-jmeter-5.4.3\lib\jmeter-plugins-cmn-jmeter-0.7.jar and D:\apache-jmeter-5.4.3\apache-jmeter-5.4.3\lib\jmeter-plugins-cmn-jmeter-0.6.jar
2022-05-10 19:10:32,711 INFO o.j.r.JARSourceHTTP: Requesting https://jmeter-plugins.org/repo/?installID=windows_10-683ecc14630504ef21c34f43f46bff94-gui
2022-05-10 19:10:33,023 INFO o.a.j.JMeter: Loading file: UserAPI_Final3.jmx
2022-05-10 19:10:33,026 INFO o.a.j.s.FileServer: Default base='D:\Users\sameer.khan\Desktop\OE Mobile App\Jmeter Scripts\UserAPI'
2022-05-10 19:10:33,027 INFO o.a.j.s.FileServer: Set new base='D:\Users\sameer.khan\Desktop\OE Mobile App\Jmeter Scripts\UserAPI'
2022-05-10 19:10:33,558 INFO o.a.j.s.SaveService: Testplan (JMX) version: 2.2. Testlog (JTL) version: 2.2
2022-05-10 19:10:33,577 INFO o.a.j.s.SaveService: Using SaveService properties version 5.0
2022-05-10 19:10:33,579 INFO o.a.j.s.SaveService: Using SaveService properties file encoding UTF-8
2022-05-10 19:10:33,581 INFO o.a.j.s.SaveService: Loading file: UserAPI_Final3.jmx
2022-05-10 19:10:33,921 INFO o.a.j.p.h.c.CookieManager: Settings: Delete null: true Check: true Allow variable: true Save: false Prefix: COOKIE_
2022-05-10 19:10:34,602 INFO o.a.j.p.h.s.HTTPSamplerBase: Parser for text/html is org.apache.jmeter.protocol.http.parser.LagartoBasedHtmlParser
2022-05-10 19:10:34,603 INFO o.a.j.p.h.s.HTTPSamplerBase: Parser for application/xhtml+xml is org.apache.jmeter.protocol.http.parser.LagartoBasedHtmlParser
2022-05-10 19:10:34,604 INFO o.a.j.p.h.s.HTTPSamplerBase: Parser for application/xml is org.apache.jmeter.protocol.http.parser.LagartoBasedHtmlParser
2022-05-10 19:10:34,604 INFO o.a.j.p.h.s.HTTPSamplerBase: Parser for text/xml is org.apache.jmeter.protocol.http.parser.LagartoBasedHtmlParser
2022-05-10 19:10:34,604 INFO o.a.j.p.h.s.HTTPSamplerBase: Parser for text/vnd.wap.wml is org.apache.jmeter.protocol.http.parser.RegexpHTMLParser
2022-05-10 19:10:34,604 INFO o.a.j.p.h.s.HTTPSamplerBase: Parser for text/css is org.apache.jmeter.protocol.http.parser.CssParser
2022-05-10 19:10:35,298 INFO o.j.r.PluginManager: Plugins Status: [jpgc-graphs-basic=2.0, blazemeter-debugger=0.6, jpgc-functions=2.1, jpgc-casutg=2.10, jpgc-dummy=0.4, jpgc-ffw=2.0, jpgc-fifo=0.2, jpgc-perfmon=2.1, jpgc-plugins-manager=1.7, jpgc-tst=2.5, jmeter-core=5.4.3, jmeter-ftp=5.4.3, jmeter-http=5.4.3, jmeter-jdbc=5.4.3, jmeter-jms=5.4.3, jmeter-junit=5.4.3, jmeter-java=5.4.3, jmeter-ldap=5.4.3, jmeter-mail=5.4.3, jmeter-mongodb=5.4.3, jmeter-native=5.4.3, jmeter-tcp=5.4.3, jmeter-components=5.4.3, jpgc-standard=2.0]
2022-05-10 19:10:35,721 INFO o.a.j.e.KeyToolUtils: keytool found at 'keytool'
2022-05-10 19:10:35,721 INFO o.a.j.p.h.p.ProxyControl: HTTP(S) Test Script Recorder SSL Proxy will use keys that support embedded 3rd party resources in file D:\apache-jmeter-5.4.3\apache-jmeter-5.4.3\bin\proxyserver.jks
2022-05-10 19:10:35,826 INFO o.a.j.s.FileServer: Set new base='D:\Users\sameer.khan\Desktop\OE Mobile App\Jmeter Scripts\UserAPI'
2022-05-10 19:10:37,047 INFO o.a.j.s.SampleResult: Note: Sample TimeStamps are START times
2022-05-10 19:10:37,047 INFO o.a.j.s.SampleResult: sampleresult.default.encoding is set to ISO-8859-1
2022-05-10 19:10:37,047 INFO o.a.j.s.SampleResult: sampleresult.useNanoTime=true
2022-05-10 19:10:37,047 INFO o.a.j.s.SampleResult: sampleresult.nanoThreadSleep=5000
2022-05-10 19:10:37,353 INFO o.a.j.v.ViewResultsFullVisualizer: Add JavaFX to your Java installation if you want to use renderer: org.apache.jmeter.visualizers.RenderInBrowser
2022-05-10 19:10:37,523 INFO o.a.j.v.ViewResultsFullVisualizer: Add JavaFX to your Java installation if you want to use renderer: org.apache.jmeter.visualizers.RenderInBrowser
2022-05-10 19:12:24,705 INFO o.a.j.e.StandardJMeterEngine: Running the test!
2022-05-10 19:12:24,709 INFO o.a.j.s.SampleEvent: List of sample_variables: []
2022-05-10 19:12:24,709 INFO o.a.j.s.SampleEvent: List of sample_variables: []
2022-05-10 19:12:24,712 INFO o.a.j.e.u.CompoundVariable: Note: Function class names must contain the string: '.functions.'
2022-05-10 19:12:24,712 INFO o.a.j.e.u.CompoundVariable: Note: Function class names must not contain the string: '.gui.'
2022-05-10 19:12:24,885 INFO o.a.j.g.u.JMeterMenuBar: setRunning(true, *local*)
2022-05-10 19:12:24,959 INFO o.a.j.e.StandardJMeterEngine: Starting ThreadGroup: 1 : Thread Group
2022-05-10 19:12:24,959 INFO o.a.j.e.StandardJMeterEngine: Starting 1 threads for group Thread Group.
2022-05-10 19:12:24,960 INFO o.a.j.e.StandardJMeterEngine: Thread will continue on error
2022-05-10 19:12:24,960 INFO o.a.j.t.ThreadGroup: Starting thread group... number=1 threads=1 ramp-up=0 delayedStart=false
2022-05-10 19:12:24,966 INFO o.a.j.t.ThreadGroup: Started thread group number 1
2022-05-10 19:12:24,967 INFO o.a.j.e.StandardJMeterEngine: All thread groups have been started
2022-05-10 19:12:24,969 INFO o.a.j.t.JMeterThread: Thread started: Thread Group 1-1
2022-05-10 19:12:24,972 INFO o.a.j.s.FileServer: Stored: UserAPI.csv
2022-05-10 19:12:26,346 INFO o.a.j.p.h.s.HTTPHCAbstractImpl: Local host = DESKTOP-O7G7T12
2022-05-10 19:12:26,355 INFO o.a.j.p.h.s.HTTPHC4Impl: HTTP request retry count = 0
2022-05-10 19:12:26,451 INFO o.a.j.p.h.s.h.LazyLayeredConnectionSocketFactory: Setting up HTTPS TrustAll Socket Factory
2022-05-10 19:12:26,455 INFO o.a.j.u.JsseSSLManager: Using default SSL protocol: TLS
2022-05-10 19:12:26,455 INFO o.a.j.u.JsseSSLManager: SSL session context: per-thread
2022-05-10 19:12:26,488 INFO o.a.j.u.SSLManager: JmeterKeyStore Location:  type JKS
2022-05-10 19:12:26,489 INFO o.a.j.u.SSLManager: KeyStore created OK
2022-05-10 19:12:26,489 WARN o.a.j.u.SSLManager: Keystore file not found, loading empty keystore
2022-05-10 19:12:27,787 INFO o.a.j.t.JMeterThread: Thread is done: Thread Group 1-1
2022-05-10 19:12:27,787 INFO o.a.j.t.JMeterThread: Thread finished: Thread Group 1-1
2022-05-10 19:12:27,790 INFO o.a.j.e.StandardJMeterEngine: Notifying test listeners of end of test
2022-05-10 19:12:27,790 INFO o.a.j.s.FileServer: Close: UserAPI.csv
2022-05-10 19:12:27,793 INFO o.a.j.g.u.JMeterMenuBar: setRunning(false, *local*)
2022-05-10 19:12:49,647 INFO o.a.j.e.StandardJMeterEngine: Running the test!
2022-05-10 19:12:49,648 INFO o.a.j.s.SampleEvent: List of sample_variables: []
2022-05-10 19:12:49,662 INFO o.a.j.g.u.JMeterMenuBar: setRunning(true, *local*)
2022-05-10 19:12:49,736 INFO o.a.j.e.StandardJMeterEngine: Starting ThreadGroup: 1 : Thread Group
2022-05-10 19:12:49,736 INFO o.a.j.e.StandardJMeterEngine: Starting 1 threads for group Thread Group.
2022-05-10 19:12:49,736 INFO o.a.j.e.StandardJMeterEngine: Thread will continue on error
2022-05-10 19:12:49,737 INFO o.a.j.t.ThreadGroup: Starting thread group... number=1 threads=1 ramp-up=0 delayedStart=false
2022-05-10 19:12:49,739 INFO o.a.j.t.ThreadGroup: Started thread group number 1
2022-05-10 19:12:49,739 INFO o.a.j.e.StandardJMeterEngine: All thread groups have been started
2022-05-10 19:12:49,742 INFO o.a.j.t.JMeterThread: Thread started: Thread Group 1-1
2022-05-10 19:12:49,743 INFO o.a.j.s.FileServer: Stored: UserAPI.csv
2022-05-10 19:12:51,069 INFO o.a.j.t.JMeterThread: Thread is done: Thread Group 1-1
2022-05-10 19:12:51,069 INFO o.a.j.t.JMeterThread: Thread finished: Thread Group 1-1
2022-05-10 19:12:51,070 INFO o.a.j.e.StandardJMeterEngine: Notifying test listeners of end of test
2022-05-10 19:12:51,071 INFO o.a.j.s.FileServer: Close: UserAPI.csv
2022-05-10 19:12:51,072 INFO o.a.j.g.u.JMeterMenuBar: setRunning(false, *local*)
2022-05-10 19:14:59,797 INFO o.a.j.e.StandardJMeterEngine: Running the test!
2022-05-10 19:14:59,798 INFO o.a.j.s.SampleEvent: List of sample_variables: []
2022-05-10 19:14:59,810 INFO o.a.j.g.u.JMeterMenuBar: setRunning(true, *local*)
2022-05-10 19:14:59,907 INFO o.a.j.e.StandardJMeterEngine: Starting ThreadGroup: 1 : Thread Group
2022-05-10 19:14:59,908 INFO o.a.j.e.StandardJMeterEngine: Starting 1 threads for group Thread Group.
2022-05-10 19:14:59,908 INFO o.a.j.e.StandardJMeterEngine: Thread will continue on error
2022-05-10 19:14:59,908 INFO o.a.j.t.ThreadGroup: Starting thread group... number=1 threads=1 ramp-up=0 delayedStart=false
2022-05-10 19:14:59,911 INFO o.a.j.t.ThreadGroup: Started thread group number 1
2022-05-10 19:14:59,911 INFO o.a.j.e.StandardJMeterEngine: All thread groups have been started
2022-05-10 19:14:59,912 INFO o.a.j.t.JMeterThread: Thread started: Thread Group 1-1
2022-05-10 19:14:59,913 INFO o.a.j.s.FileServer: Stored: UserAPI.csv
2022-05-10 19:15:02,957 INFO o.a.j.t.JMeterThread: Thread is done: Thread Group 1-1
2022-05-10 19:15:02,957 INFO o.a.j.t.JMeterThread: Thread finished: Thread Group 1-1
2022-05-10 19:15:02,958 INFO o.a.j.e.StandardJMeterEngine: Notifying test listeners of end of test
2022-05-10 19:15:02,958 INFO o.a.j.s.FileServer: Close: UserAPI.csv
2022-05-10 19:15:02,959 INFO o.a.j.g.u.JMeterMenuBar: setRunning(false, *local*)
2022-05-10 19:15:15,258 INFO o.a.j.e.StandardJMeterEngine: Running the test!
2022-05-10 19:15:15,258 INFO o.a.j.s.SampleEvent: List of sample_variables: []
2022-05-10 19:15:15,276 INFO o.a.j.g.u.JMeterMenuBar: setRunning(true, *local*)
2022-05-10 19:15:15,368 INFO o.a.j.e.StandardJMeterEngine: Starting ThreadGroup: 1 : Thread Group
2022-05-10 19:15:15,369 INFO o.a.j.e.StandardJMeterEngine: Starting 1 threads for group Thread Group.
2022-05-10 19:15:15,369 INFO o.a.j.e.StandardJMeterEngine: Thread will continue on error
2022-05-10 19:15:15,371 INFO o.a.j.t.ThreadGroup: Starting thread group... number=1 threads=1 ramp-up=0 delayedStart=false
2022-05-10 19:15:15,373 INFO o.a.j.t.ThreadGroup: Started thread group number 1
2022-05-10 19:15:15,373 INFO o.a.j.e.StandardJMeterEngine: All thread groups have been started
2022-05-10 19:15:15,376 INFO o.a.j.t.JMeterThread: Thread started: Thread Group 1-1
2022-05-10 19:15:15,377 INFO o.a.j.s.FileServer: Stored: UserAPI.csv
2022-05-10 19:15:21,729 INFO o.a.j.t.JMeterThread: Thread is done: Thread Group 1-1
2022-05-10 19:15:21,729 INFO o.a.j.t.JMeterThread: Thread finished: Thread Group 1-1
2022-05-10 19:15:21,730 INFO o.a.j.e.StandardJMeterEngine: Notifying test listeners of end of test
2022-05-10 19:15:21,730 INFO o.a.j.s.FileServer: Close: UserAPI.csv
2022-05-10 19:15:21,731 INFO o.a.j.g.u.JMeterMenuBar: setRunning(false, *local*)
2022-05-12 15:44:26,436 INFO o.a.j.e.StandardJMeterEngine: Running the test!
2022-05-12 15:44:26,449 INFO o.a.j.s.SampleEvent: List of sample_variables: []
2022-05-12 15:44:26,484 INFO o.a.j.g.u.JMeterMenuBar: setRunning(true, *local*)
2022-05-12 15:44:26,764 INFO o.a.j.e.StandardJMeterEngine: Starting ThreadGroup: 1 : Thread Group
2022-05-12 15:44:26,765 INFO o.a.j.e.StandardJMeterEngine: Starting 1 threads for group Thread Group.
2022-05-12 15:44:26,766 INFO o.a.j.e.StandardJMeterEngine: Thread will continue on error
2022-05-12 15:44:26,767 INFO o.a.j.t.ThreadGroup: Starting thread group... number=1 threads=1 ramp-up=0 delayedStart=false
2022-05-12 15:44:26,785 INFO o.a.j.t.ThreadGroup: Started thread group number 1
2022-05-12 15:44:26,785 INFO o.a.j.e.StandardJMeterEngine: All thread groups have been started
2022-05-12 15:44:26,796 INFO o.a.j.t.JMeterThread: Thread started: Thread Group 1-1
2022-05-12 15:44:26,797 INFO o.a.j.s.FileServer: Stored: UserAPI.csv
2022-05-12 15:44:33,884 INFO o.a.j.t.JMeterThread: Thread is done: Thread Group 1-1
2022-05-12 15:44:33,884 INFO o.a.j.t.JMeterThread: Thread finished: Thread Group 1-1
2022-05-12 15:44:33,885 INFO o.a.j.e.StandardJMeterEngine: Notifying test listeners of end of test
2022-05-12 15:44:33,885 INFO o.a.j.s.FileServer: Close: UserAPI.csv
2022-05-12 15:44:33,886 INFO o.a.j.g.u.JMeterMenuBar: setRunning(false, *local*)
2022-05-13 10:16:19,616 INFO o.a.j.s.FileServer: Set new base='D:\Users\sameer.khan\Desktop\OE Mobile App\Jmeter Scripts\Cim Audits'
